{"name":"hexo","hostname":"DESKTOP-3BJQ9UK","pid":10596,"level":20,"msg":"Hexo version: 3.2.0","time":"2016-06-05T09:03:56.466Z","v":0}
{"name":"hexo","hostname":"DESKTOP-3BJQ9UK","pid":10596,"level":20,"msg":"Working directory: E:\\chandlerblog\\","time":"2016-06-05T09:03:56.470Z","v":0}
{"name":"hexo","hostname":"DESKTOP-3BJQ9UK","pid":10596,"level":20,"msg":"Config loaded: E:\\chandlerblog\\_config.yml","time":"2016-06-05T09:03:56.634Z","v":0}
{"name":"hexo","hostname":"DESKTOP-3BJQ9UK","pid":10596,"level":20,"msg":"Plugin loaded: hexo-deployer-git","time":"2016-06-05T09:03:56.931Z","v":0}
{"name":"hexo","hostname":"DESKTOP-3BJQ9UK","pid":10596,"level":20,"msg":"Plugin loaded: hexo-generator-archive","time":"2016-06-05T09:03:56.936Z","v":0}
{"name":"hexo","hostname":"DESKTOP-3BJQ9UK","pid":10596,"level":20,"msg":"Plugin loaded: hexo-generator-category","time":"2016-06-05T09:03:56.941Z","v":0}
{"name":"hexo","hostname":"DESKTOP-3BJQ9UK","pid":10596,"level":20,"msg":"Plugin loaded: hexo-generator-index","time":"2016-06-05T09:03:56.947Z","v":0}
{"name":"hexo","hostname":"DESKTOP-3BJQ9UK","pid":10596,"level":20,"msg":"Plugin loaded: hexo-generator-tag","time":"2016-06-05T09:03:56.952Z","v":0}
{"name":"hexo","hostname":"DESKTOP-3BJQ9UK","pid":10596,"level":20,"msg":"Plugin loaded: hexo-renderer-marked","time":"2016-06-05T09:03:57.098Z","v":0}
{"name":"hexo","hostname":"DESKTOP-3BJQ9UK","pid":10596,"level":20,"msg":"Plugin loaded: hexo-renderer-ejs","time":"2016-06-05T09:03:57.106Z","v":0}
{"name":"hexo","hostname":"DESKTOP-3BJQ9UK","pid":10596,"level":20,"msg":"Plugin loaded: hexo-renderer-stylus","time":"2016-06-05T09:03:57.109Z","v":0}
{"name":"hexo","hostname":"DESKTOP-3BJQ9UK","pid":10596,"level":20,"msg":"Plugin loaded: hexo-server","time":"2016-06-05T09:03:57.317Z","v":0}
{"name":"hexo","hostname":"DESKTOP-3BJQ9UK","pid":10596,"level":20,"msg":"Script loaded: themes\\next\\scripts\\merge-configs.js","time":"2016-06-05T09:03:57.319Z","v":0}
{"name":"hexo","hostname":"DESKTOP-3BJQ9UK","pid":10596,"level":20,"msg":"Script loaded: themes\\next\\scripts\\tags\\center-quote.js","time":"2016-06-05T09:03:57.319Z","v":0}
{"name":"hexo","hostname":"DESKTOP-3BJQ9UK","pid":10596,"level":20,"msg":"Script loaded: themes\\next\\scripts\\tags\\full-image.js","time":"2016-06-05T09:03:57.320Z","v":0}
{"name":"hexo","hostname":"DESKTOP-3BJQ9UK","pid":10596,"level":20,"msg":"Script loaded: themes\\next\\scripts\\tags\\group-pictures.js","time":"2016-06-05T09:03:57.321Z","v":0}
{"name":"hexo","hostname":"DESKTOP-3BJQ9UK","pid":10596,"level":20,"msg":"Loading database.","time":"2016-06-05T09:03:57.332Z","v":0}
{"name":"hexo","hostname":"DESKTOP-3BJQ9UK","pid":10596,"level":30,"msg":"Start processing","time":"2016-06-05T09:03:57.342Z","v":0}
{"name":"hexo","hostname":"DESKTOP-3BJQ9UK","pid":10596,"level":20,"msg":"Processed: CNAME","time":"2016-06-05T09:03:57.385Z","v":0}
{"name":"hexo","hostname":"DESKTOP-3BJQ9UK","pid":10596,"level":20,"msg":"Processed: categories/debug.log","time":"2016-06-05T09:03:57.454Z","v":0}
{"name":"hexo","hostname":"DESKTOP-3BJQ9UK","pid":10596,"level":20,"msg":"Theme config loaded.","time":"2016-06-05T09:03:57.522Z","v":0}
{"name":"hexo","hostname":"DESKTOP-3BJQ9UK","pid":10596,"level":20,"msg":"Processed: _config.yml","time":"2016-06-05T09:03:57.524Z","v":0}
{"name":"hexo","hostname":"DESKTOP-3BJQ9UK","pid":10596,"level":20,"msg":"Processed: source/css/main.styl","time":"2016-06-05T09:03:57.535Z","v":0}
{"name":"hexo","hostname":"DESKTOP-3BJQ9UK","pid":10596,"level":20,"msg":"Processed: source/images/avatar.gif","time":"2016-06-05T09:03:57.535Z","v":0}
{"name":"hexo","hostname":"DESKTOP-3BJQ9UK","pid":10596,"level":20,"msg":"Processed: source/images/cc-by-nc-nd.svg","time":"2016-06-05T09:03:57.536Z","v":0}
{"name":"hexo","hostname":"DESKTOP-3BJQ9UK","pid":10596,"level":20,"msg":"Processed: source/images/cc-by-nc-sa.svg","time":"2016-06-05T09:03:57.536Z","v":0}
{"name":"hexo","hostname":"DESKTOP-3BJQ9UK","pid":10596,"level":20,"msg":"Processed: source/images/cc-by-nc.svg","time":"2016-06-05T09:03:57.537Z","v":0}
{"name":"hexo","hostname":"DESKTOP-3BJQ9UK","pid":10596,"level":20,"msg":"Processed: source/images/cc-by-nd.svg","time":"2016-06-05T09:03:57.537Z","v":0}
{"name":"hexo","hostname":"DESKTOP-3BJQ9UK","pid":10596,"level":20,"msg":"Processed: source/images/cc-by-sa.svg","time":"2016-06-05T09:03:57.538Z","v":0}
{"name":"hexo","hostname":"DESKTOP-3BJQ9UK","pid":10596,"level":20,"msg":"Processed: source/images/cc-by.svg","time":"2016-06-05T09:03:57.539Z","v":0}
{"name":"hexo","hostname":"DESKTOP-3BJQ9UK","pid":10596,"level":20,"msg":"Processed: source/images/cc-zero.svg","time":"2016-06-05T09:03:57.540Z","v":0}
{"name":"hexo","hostname":"DESKTOP-3BJQ9UK","pid":10596,"level":20,"msg":"Processed: source/images/loading.gif","time":"2016-06-05T09:03:57.540Z","v":0}
{"name":"hexo","hostname":"DESKTOP-3BJQ9UK","pid":10596,"level":20,"msg":"Processed: source/images/placeholder.gif","time":"2016-06-05T09:03:57.543Z","v":0}
{"name":"hexo","hostname":"DESKTOP-3BJQ9UK","pid":10596,"level":20,"msg":"Processed: source/images/quote-l.svg","time":"2016-06-05T09:03:57.543Z","v":0}
{"name":"hexo","hostname":"DESKTOP-3BJQ9UK","pid":10596,"level":20,"msg":"Processed: source/images/quote-r.svg","time":"2016-06-05T09:03:57.543Z","v":0}
{"name":"hexo","hostname":"DESKTOP-3BJQ9UK","pid":10596,"level":20,"msg":"Processed: source/images/searchicon.png","time":"2016-06-05T09:03:57.544Z","v":0}
{"name":"hexo","hostname":"DESKTOP-3BJQ9UK","pid":10596,"level":20,"msg":"Processed: _posts/hello-world.md","time":"2016-06-05T09:03:57.583Z","v":0}
{"name":"hexo","hostname":"DESKTOP-3BJQ9UK","pid":10596,"level":20,"msg":"Processed: _data/about.json","time":"2016-06-05T09:03:57.584Z","v":0}
{"name":"hexo","hostname":"DESKTOP-3BJQ9UK","pid":10596,"level":20,"msg":"Processed: _data/hint.json","time":"2016-06-05T09:03:57.586Z","v":0}
{"name":"hexo","hostname":"DESKTOP-3BJQ9UK","pid":10596,"level":20,"msg":"Processed: images/1-los-cabos-peace-padilla-i-mexico-sloop-jump-sea.jpg","time":"2016-06-05T09:03:57.586Z","v":0}
{"name":"hexo","hostname":"DESKTOP-3BJQ9UK","pid":10596,"level":20,"msg":"Processed: _data/reading.json","time":"2016-06-05T09:03:57.586Z","v":0}
{"name":"hexo","hostname":"DESKTOP-3BJQ9UK","pid":10596,"level":20,"msg":"Processed: _data/link.json","time":"2016-06-05T09:03:57.586Z","v":0}
{"name":"hexo","hostname":"DESKTOP-3BJQ9UK","pid":10596,"level":20,"msg":"Processed: layout/_layout.swig","time":"2016-06-05T09:03:57.810Z","v":0}
{"name":"hexo","hostname":"DESKTOP-3BJQ9UK","pid":10596,"level":20,"msg":"Processed: layout/archive.swig","time":"2016-06-05T09:03:57.810Z","v":0}
{"name":"hexo","hostname":"DESKTOP-3BJQ9UK","pid":10596,"level":20,"msg":"Processed: layout/category.swig","time":"2016-06-05T09:03:57.810Z","v":0}
{"name":"hexo","hostname":"DESKTOP-3BJQ9UK","pid":10596,"level":20,"msg":"Processed: layout/index.swig","time":"2016-06-05T09:03:57.810Z","v":0}
{"name":"hexo","hostname":"DESKTOP-3BJQ9UK","pid":10596,"level":20,"msg":"Processed: layout/page.swig","time":"2016-06-05T09:03:57.811Z","v":0}
{"name":"hexo","hostname":"DESKTOP-3BJQ9UK","pid":10596,"level":20,"msg":"Processed: layout/post.swig","time":"2016-06-05T09:03:57.811Z","v":0}
{"name":"hexo","hostname":"DESKTOP-3BJQ9UK","pid":10596,"level":20,"msg":"Processed: layout/tag.swig","time":"2016-06-05T09:03:57.811Z","v":0}
{"name":"hexo","hostname":"DESKTOP-3BJQ9UK","pid":10596,"level":20,"msg":"Processed: categories/index.md","time":"2016-06-05T09:03:57.820Z","v":0}
{"name":"hexo","hostname":"DESKTOP-3BJQ9UK","pid":10596,"level":20,"msg":"Processed: languages/de.yml","time":"2016-06-05T09:03:57.822Z","v":0}
{"name":"hexo","hostname":"DESKTOP-3BJQ9UK","pid":10596,"level":20,"msg":"Processed: languages/default.yml","time":"2016-06-05T09:03:57.822Z","v":0}
{"name":"hexo","hostname":"DESKTOP-3BJQ9UK","pid":10596,"level":20,"msg":"Processed: languages/en.yml","time":"2016-06-05T09:03:57.822Z","v":0}
{"name":"hexo","hostname":"DESKTOP-3BJQ9UK","pid":10596,"level":20,"msg":"Processed: languages/fr-FR.yml","time":"2016-06-05T09:03:57.822Z","v":0}
{"name":"hexo","hostname":"DESKTOP-3BJQ9UK","pid":10596,"level":20,"msg":"Processed: languages/id.yml","time":"2016-06-05T09:03:57.822Z","v":0}
{"name":"hexo","hostname":"DESKTOP-3BJQ9UK","pid":10596,"level":20,"msg":"Processed: languages/ja.yml","time":"2016-06-05T09:03:57.822Z","v":0}
{"name":"hexo","hostname":"DESKTOP-3BJQ9UK","pid":10596,"level":20,"msg":"Processed: languages/ru.yml","time":"2016-06-05T09:03:57.822Z","v":0}
{"name":"hexo","hostname":"DESKTOP-3BJQ9UK","pid":10596,"level":20,"msg":"Processed: languages/pt.yml","time":"2016-06-05T09:03:57.822Z","v":0}
{"name":"hexo","hostname":"DESKTOP-3BJQ9UK","pid":10596,"level":20,"msg":"Processed: languages/zh-Hans.yml","time":"2016-06-05T09:03:57.823Z","v":0}
{"name":"hexo","hostname":"DESKTOP-3BJQ9UK","pid":10596,"level":20,"msg":"Processed: languages/zh-hk.yml","time":"2016-06-05T09:03:57.823Z","v":0}
{"name":"hexo","hostname":"DESKTOP-3BJQ9UK","pid":10596,"level":20,"msg":"Processed: languages/zh-tw.yml","time":"2016-06-05T09:03:57.823Z","v":0}
{"name":"hexo","hostname":"DESKTOP-3BJQ9UK","pid":10596,"level":20,"msg":"Processed: about/index.md","time":"2016-06-05T09:03:57.824Z","v":0}
{"name":"hexo","hostname":"DESKTOP-3BJQ9UK","pid":10596,"level":20,"msg":"Processed: _data/slider.json","time":"2016-06-05T09:03:57.824Z","v":0}
{"name":"hexo","hostname":"DESKTOP-3BJQ9UK","pid":10596,"level":20,"msg":"Processed: reading/index.md","time":"2016-06-05T09:03:57.824Z","v":0}
{"name":"hexo","hostname":"DESKTOP-3BJQ9UK","pid":10596,"level":20,"msg":"Processed: images/cigar-smoking-cigar-cigarette-smoking-man-male.jpg","time":"2016-06-05T09:03:57.824Z","v":0}
{"name":"hexo","hostname":"DESKTOP-3BJQ9UK","pid":10596,"level":20,"msg":"Processed: images/water-background-wave-liquid-blue-surface-texture.jpg","time":"2016-06-05T09:03:57.826Z","v":0}
{"name":"hexo","hostname":"DESKTOP-3BJQ9UK","pid":10596,"level":20,"msg":"Processed: source/js/src/affix.js","time":"2016-06-05T09:03:57.843Z","v":0}
{"name":"hexo","hostname":"DESKTOP-3BJQ9UK","pid":10596,"level":20,"msg":"Processed: source/js/src/bootstrap.js","time":"2016-06-05T09:03:57.844Z","v":0}
{"name":"hexo","hostname":"DESKTOP-3BJQ9UK","pid":10596,"level":20,"msg":"Processed: source/js/src/hook-duoshuo.js","time":"2016-06-05T09:03:57.844Z","v":0}
{"name":"hexo","hostname":"DESKTOP-3BJQ9UK","pid":10596,"level":20,"msg":"Processed: source/js/src/motion.js","time":"2016-06-05T09:03:57.844Z","v":0}
{"name":"hexo","hostname":"DESKTOP-3BJQ9UK","pid":10596,"level":20,"msg":"Processed: source/js/src/post-details.js","time":"2016-06-05T09:03:57.845Z","v":0}
{"name":"hexo","hostname":"DESKTOP-3BJQ9UK","pid":10596,"level":20,"msg":"Processed: source/js/src/scrollspy.js","time":"2016-06-05T09:03:57.845Z","v":0}
{"name":"hexo","hostname":"DESKTOP-3BJQ9UK","pid":10596,"level":20,"msg":"Processed: source/js/src/utils.js","time":"2016-06-05T09:03:57.845Z","v":0}
{"name":"hexo","hostname":"DESKTOP-3BJQ9UK","pid":10596,"level":20,"msg":"Processed: source/vendors/fastclick/LICENSE","time":"2016-06-05T09:03:57.847Z","v":0}
{"name":"hexo","hostname":"DESKTOP-3BJQ9UK","pid":10596,"level":20,"msg":"Processed: source/vendors/fastclick/README.md","time":"2016-06-05T09:03:57.848Z","v":0}
{"name":"hexo","hostname":"DESKTOP-3BJQ9UK","pid":10596,"level":20,"msg":"Processed: source/vendors/fastclick/bower.json","time":"2016-06-05T09:03:57.849Z","v":0}
{"name":"hexo","hostname":"DESKTOP-3BJQ9UK","pid":10596,"level":20,"msg":"Processed: source/vendors/font-awesome/HELP-US-OUT.txt","time":"2016-06-05T09:03:57.854Z","v":0}
{"name":"hexo","hostname":"DESKTOP-3BJQ9UK","pid":10596,"level":20,"msg":"Processed: source/vendors/font-awesome/bower.json","time":"2016-06-05T09:03:57.854Z","v":0}
{"name":"hexo","hostname":"DESKTOP-3BJQ9UK","pid":10596,"level":20,"msg":"Processed: source/vendors/jquery_lazyload/CONTRIBUTING.md","time":"2016-06-05T09:03:57.856Z","v":0}
{"name":"hexo","hostname":"DESKTOP-3BJQ9UK","pid":10596,"level":20,"msg":"Processed: source/vendors/jquery_lazyload/README.md","time":"2016-06-05T09:03:57.857Z","v":0}
{"name":"hexo","hostname":"DESKTOP-3BJQ9UK","pid":10596,"level":20,"msg":"Processed: source/vendors/jquery_lazyload/bower.json","time":"2016-06-05T09:03:57.857Z","v":0}
{"name":"hexo","hostname":"DESKTOP-3BJQ9UK","pid":10596,"level":20,"msg":"Processed: source/vendors/jquery_lazyload/jquery.lazyload.js","time":"2016-06-05T09:03:57.858Z","v":0}
{"name":"hexo","hostname":"DESKTOP-3BJQ9UK","pid":10596,"level":20,"msg":"Processed: source/vendors/jquery_lazyload/jquery.scrollstop.js","time":"2016-06-05T09:03:57.859Z","v":0}
{"name":"hexo","hostname":"DESKTOP-3BJQ9UK","pid":10596,"level":20,"msg":"Processed: source/vendors/velocity/bower.json","time":"2016-06-05T09:03:57.859Z","v":0}
{"name":"hexo","hostname":"DESKTOP-3BJQ9UK","pid":10596,"level":20,"msg":"Processed: source/vendors/velocity/velocity.min.js","time":"2016-06-05T09:03:57.860Z","v":0}
{"name":"hexo","hostname":"DESKTOP-3BJQ9UK","pid":10596,"level":20,"msg":"Processed: source/vendors/velocity/velocity.ui.js","time":"2016-06-05T09:03:57.860Z","v":0}
{"name":"hexo","hostname":"DESKTOP-3BJQ9UK","pid":10596,"level":20,"msg":"Processed: source/vendors/velocity/velocity.ui.min.js","time":"2016-06-05T09:03:57.860Z","v":0}
{"name":"hexo","hostname":"DESKTOP-3BJQ9UK","pid":10596,"level":20,"msg":"Processed: source/vendors/jquery/index.js","time":"2016-06-05T09:03:57.908Z","v":0}
{"name":"hexo","hostname":"DESKTOP-3BJQ9UK","pid":10596,"level":20,"msg":"Processed: layout/_macro/post-collapse.swig","time":"2016-06-05T09:03:57.981Z","v":0}
{"name":"hexo","hostname":"DESKTOP-3BJQ9UK","pid":10596,"level":20,"msg":"Processed: layout/_macro/post.swig","time":"2016-06-05T09:03:57.981Z","v":0}
{"name":"hexo","hostname":"DESKTOP-3BJQ9UK","pid":10596,"level":20,"msg":"Processed: layout/_macro/reward.swig","time":"2016-06-05T09:03:57.982Z","v":0}
{"name":"hexo","hostname":"DESKTOP-3BJQ9UK","pid":10596,"level":20,"msg":"Processed: layout/_macro/sidebar.swig","time":"2016-06-05T09:03:57.982Z","v":0}
{"name":"hexo","hostname":"DESKTOP-3BJQ9UK","pid":10596,"level":20,"msg":"Processed: layout/_macro/wechat-subscriber.swig","time":"2016-06-05T09:03:57.982Z","v":0}
{"name":"hexo","hostname":"DESKTOP-3BJQ9UK","pid":10596,"level":20,"msg":"Processed: layout/_partials/comments.swig","time":"2016-06-05T09:03:57.982Z","v":0}
{"name":"hexo","hostname":"DESKTOP-3BJQ9UK","pid":10596,"level":20,"msg":"Processed: layout/_partials/duoshuo-hot-articles.swig","time":"2016-06-05T09:03:57.982Z","v":0}
{"name":"hexo","hostname":"DESKTOP-3BJQ9UK","pid":10596,"level":20,"msg":"Processed: layout/_partials/footer.swig","time":"2016-06-05T09:03:57.982Z","v":0}
{"name":"hexo","hostname":"DESKTOP-3BJQ9UK","pid":10596,"level":20,"msg":"Processed: layout/_partials/head.swig","time":"2016-06-05T09:03:57.982Z","v":0}
{"name":"hexo","hostname":"DESKTOP-3BJQ9UK","pid":10596,"level":20,"msg":"Processed: layout/_partials/header.swig","time":"2016-06-05T09:03:57.982Z","v":0}
{"name":"hexo","hostname":"DESKTOP-3BJQ9UK","pid":10596,"level":20,"msg":"Processed: layout/_partials/pagination.swig","time":"2016-06-05T09:03:57.982Z","v":0}
{"name":"hexo","hostname":"DESKTOP-3BJQ9UK","pid":10596,"level":20,"msg":"Processed: layout/_partials/search.swig","time":"2016-06-05T09:03:57.982Z","v":0}
{"name":"hexo","hostname":"DESKTOP-3BJQ9UK","pid":10596,"level":20,"msg":"Processed: layout/_scripts/baidu-push.swig","time":"2016-06-05T09:03:57.982Z","v":0}
{"name":"hexo","hostname":"DESKTOP-3BJQ9UK","pid":10596,"level":20,"msg":"Processed: layout/_scripts/boostrap.swig","time":"2016-06-05T09:03:57.982Z","v":0}
{"name":"hexo","hostname":"DESKTOP-3BJQ9UK","pid":10596,"level":20,"msg":"Processed: layout/_scripts/commons.swig","time":"2016-06-05T09:03:57.982Z","v":0}
{"name":"hexo","hostname":"DESKTOP-3BJQ9UK","pid":10596,"level":20,"msg":"Processed: layout/_scripts/vendors.swig","time":"2016-06-05T09:03:57.983Z","v":0}
{"name":"hexo","hostname":"DESKTOP-3BJQ9UK","pid":10596,"level":20,"msg":"Processed: source/js/src/schemes/pisces.js","time":"2016-06-05T09:03:57.988Z","v":0}
{"name":"hexo","hostname":"DESKTOP-3BJQ9UK","pid":10596,"level":20,"msg":"Processed: source/vendors/fancybox/source/blank.gif","time":"2016-06-05T09:03:57.989Z","v":0}
{"name":"hexo","hostname":"DESKTOP-3BJQ9UK","pid":10596,"level":20,"msg":"Processed: source/vendors/fancybox/source/fancybox_loading.gif","time":"2016-06-05T09:03:57.989Z","v":0}
{"name":"hexo","hostname":"DESKTOP-3BJQ9UK","pid":10596,"level":20,"msg":"Processed: source/vendors/fancybox/source/fancybox_loading@2x.gif","time":"2016-06-05T09:03:57.990Z","v":0}
{"name":"hexo","hostname":"DESKTOP-3BJQ9UK","pid":10596,"level":20,"msg":"Processed: source/vendors/fancybox/source/fancybox_overlay.png","time":"2016-06-05T09:03:57.990Z","v":0}
{"name":"hexo","hostname":"DESKTOP-3BJQ9UK","pid":10596,"level":20,"msg":"Processed: source/vendors/fancybox/source/fancybox_sprite.png","time":"2016-06-05T09:03:57.991Z","v":0}
{"name":"hexo","hostname":"DESKTOP-3BJQ9UK","pid":10596,"level":20,"msg":"Processed: source/vendors/fancybox/source/fancybox_sprite@2x.png","time":"2016-06-05T09:03:57.991Z","v":0}
{"name":"hexo","hostname":"DESKTOP-3BJQ9UK","pid":10596,"level":20,"msg":"Processed: source/vendors/fancybox/source/jquery.fancybox.css","time":"2016-06-05T09:03:57.992Z","v":0}
{"name":"hexo","hostname":"DESKTOP-3BJQ9UK","pid":10596,"level":20,"msg":"Processed: source/vendors/fancybox/source/jquery.fancybox.js","time":"2016-06-05T09:03:57.992Z","v":0}
{"name":"hexo","hostname":"DESKTOP-3BJQ9UK","pid":10596,"level":20,"msg":"Processed: source/vendors/fancybox/source/jquery.fancybox.pack.js","time":"2016-06-05T09:03:57.992Z","v":0}
{"name":"hexo","hostname":"DESKTOP-3BJQ9UK","pid":10596,"level":20,"msg":"Processed: source/vendors/fastclick/lib/fastclick.js","time":"2016-06-05T09:03:57.993Z","v":0}
{"name":"hexo","hostname":"DESKTOP-3BJQ9UK","pid":10596,"level":20,"msg":"Processed: source/vendors/fastclick/lib/fastclick.min.js","time":"2016-06-05T09:03:57.993Z","v":0}
{"name":"hexo","hostname":"DESKTOP-3BJQ9UK","pid":10596,"level":20,"msg":"Processed: source/vendors/font-awesome/css/font-awesome.css","time":"2016-06-05T09:03:57.993Z","v":0}
{"name":"hexo","hostname":"DESKTOP-3BJQ9UK","pid":10596,"level":20,"msg":"Processed: source/vendors/font-awesome/css/font-awesome.css.map","time":"2016-06-05T09:03:57.994Z","v":0}
{"name":"hexo","hostname":"DESKTOP-3BJQ9UK","pid":10596,"level":20,"msg":"Processed: source/vendors/font-awesome/css/font-awesome.min.css","time":"2016-06-05T09:03:57.995Z","v":0}
{"name":"hexo","hostname":"DESKTOP-3BJQ9UK","pid":10596,"level":20,"msg":"Processed: source/vendors/font-awesome/fonts/fontawesome-webfont.woff2","time":"2016-06-05T09:03:57.995Z","v":0}
{"name":"hexo","hostname":"DESKTOP-3BJQ9UK","pid":10596,"level":20,"msg":"Processed: source/vendors/ua-parser-js/dist/ua-parser.min.js","time":"2016-06-05T09:03:57.996Z","v":0}
{"name":"hexo","hostname":"DESKTOP-3BJQ9UK","pid":10596,"level":20,"msg":"Processed: source/vendors/ua-parser-js/dist/ua-parser.pack.js","time":"2016-06-05T09:03:57.996Z","v":0}
{"name":"hexo","hostname":"DESKTOP-3BJQ9UK","pid":10596,"level":20,"msg":"Processed: layout/_scripts/schemes/mist.swig","time":"2016-06-05T09:03:58.001Z","v":0}
{"name":"hexo","hostname":"DESKTOP-3BJQ9UK","pid":10596,"level":20,"msg":"Processed: layout/_scripts/schemes/muse.swig","time":"2016-06-05T09:03:58.001Z","v":0}
{"name":"hexo","hostname":"DESKTOP-3BJQ9UK","pid":10596,"level":20,"msg":"Processed: source/vendors/font-awesome/fonts/FontAwesome.otf","time":"2016-06-05T09:03:58.002Z","v":0}
{"name":"hexo","hostname":"DESKTOP-3BJQ9UK","pid":10596,"level":20,"msg":"Processed: source/vendors/font-awesome/fonts/fontawesome-webfont.eot","time":"2016-06-05T09:03:58.002Z","v":0}
{"name":"hexo","hostname":"DESKTOP-3BJQ9UK","pid":10596,"level":20,"msg":"Processed: source/vendors/font-awesome/fonts/fontawesome-webfont.woff","time":"2016-06-05T09:03:58.003Z","v":0}
{"name":"hexo","hostname":"DESKTOP-3BJQ9UK","pid":10596,"level":20,"msg":"Processed: source/vendors/velocity/velocity.js","time":"2016-06-05T09:03:58.003Z","v":0}
{"name":"hexo","hostname":"DESKTOP-3BJQ9UK","pid":10596,"level":20,"msg":"Processed: layout/_partials/search/swiftype.swig","time":"2016-06-05T09:03:58.020Z","v":0}
{"name":"hexo","hostname":"DESKTOP-3BJQ9UK","pid":10596,"level":20,"msg":"Processed: layout/_partials/head/external-fonts.swig","time":"2016-06-05T09:03:58.020Z","v":0}
{"name":"hexo","hostname":"DESKTOP-3BJQ9UK","pid":10596,"level":20,"msg":"Processed: layout/_partials/search/localsearch.swig","time":"2016-06-05T09:03:58.021Z","v":0}
{"name":"hexo","hostname":"DESKTOP-3BJQ9UK","pid":10596,"level":20,"msg":"Processed: layout/_partials/share/add-this.swig","time":"2016-06-05T09:03:58.021Z","v":0}
{"name":"hexo","hostname":"DESKTOP-3BJQ9UK","pid":10596,"level":20,"msg":"Processed: layout/_partials/search/tinysou.swig","time":"2016-06-05T09:03:58.022Z","v":0}
{"name":"hexo","hostname":"DESKTOP-3BJQ9UK","pid":10596,"level":20,"msg":"Processed: layout/_partials/share/baidushare.swig","time":"2016-06-05T09:03:58.022Z","v":0}
{"name":"hexo","hostname":"DESKTOP-3BJQ9UK","pid":10596,"level":20,"msg":"Processed: layout/_partials/share/duoshuo_share.swig","time":"2016-06-05T09:03:58.022Z","v":0}
{"name":"hexo","hostname":"DESKTOP-3BJQ9UK","pid":10596,"level":20,"msg":"Processed: layout/_partials/share/jiathis.swig","time":"2016-06-05T09:03:58.022Z","v":0}
{"name":"hexo","hostname":"DESKTOP-3BJQ9UK","pid":10596,"level":20,"msg":"Processed: layout/_scripts/pages/post-details.swig","time":"2016-06-05T09:03:58.022Z","v":0}
{"name":"hexo","hostname":"DESKTOP-3BJQ9UK","pid":10596,"level":20,"msg":"Processed: layout/_scripts/schemes/pisces.swig","time":"2016-06-05T09:03:58.022Z","v":0}
{"name":"hexo","hostname":"DESKTOP-3BJQ9UK","pid":10596,"level":20,"msg":"Processed: layout/_scripts/third-party/analytics.swig","time":"2016-06-05T09:03:58.022Z","v":0}
{"name":"hexo","hostname":"DESKTOP-3BJQ9UK","pid":10596,"level":20,"msg":"Processed: layout/_scripts/third-party/comments.swig","time":"2016-06-05T09:03:58.022Z","v":0}
{"name":"hexo","hostname":"DESKTOP-3BJQ9UK","pid":10596,"level":20,"msg":"Processed: layout/_scripts/third-party/lean-analytics.swig","time":"2016-06-05T09:03:58.022Z","v":0}
{"name":"hexo","hostname":"DESKTOP-3BJQ9UK","pid":10596,"level":20,"msg":"Processed: layout/_scripts/third-party/localsearch.swig","time":"2016-06-05T09:03:58.022Z","v":0}
{"name":"hexo","hostname":"DESKTOP-3BJQ9UK","pid":10596,"level":20,"msg":"Processed: layout/_scripts/third-party/tinysou.swig","time":"2016-06-05T09:03:58.022Z","v":0}
{"name":"hexo","hostname":"DESKTOP-3BJQ9UK","pid":10596,"level":20,"msg":"Processed: layout/_scripts/third-party/mathjax.swig","time":"2016-06-05T09:03:58.022Z","v":0}
{"name":"hexo","hostname":"DESKTOP-3BJQ9UK","pid":10596,"level":20,"msg":"Processed: source/vendors/fancybox/source/helpers/fancybox_buttons.png","time":"2016-06-05T09:03:58.029Z","v":0}
{"name":"hexo","hostname":"DESKTOP-3BJQ9UK","pid":10596,"level":20,"msg":"Processed: source/vendors/fancybox/source/helpers/jquery.fancybox-buttons.css","time":"2016-06-05T09:03:58.029Z","v":0}
{"name":"hexo","hostname":"DESKTOP-3BJQ9UK","pid":10596,"level":20,"msg":"Processed: source/vendors/fancybox/source/helpers/jquery.fancybox-buttons.js","time":"2016-06-05T09:03:58.029Z","v":0}
{"name":"hexo","hostname":"DESKTOP-3BJQ9UK","pid":10596,"level":20,"msg":"Processed: source/vendors/fancybox/source/helpers/jquery.fancybox-media.js","time":"2016-06-05T09:03:58.030Z","v":0}
{"name":"hexo","hostname":"DESKTOP-3BJQ9UK","pid":10596,"level":20,"msg":"Processed: source/vendors/fancybox/source/helpers/jquery.fancybox-thumbs.css","time":"2016-06-05T09:03:58.030Z","v":0}
{"name":"hexo","hostname":"DESKTOP-3BJQ9UK","pid":10596,"level":20,"msg":"Processed: source/vendors/fancybox/source/helpers/jquery.fancybox-thumbs.js","time":"2016-06-05T09:03:58.030Z","v":0}
{"name":"hexo","hostname":"DESKTOP-3BJQ9UK","pid":10596,"level":20,"msg":"Processed: source/vendors/font-awesome/fonts/fontawesome-webfont.ttf","time":"2016-06-05T09:03:58.030Z","v":0}
{"name":"hexo","hostname":"DESKTOP-3BJQ9UK","pid":10596,"level":20,"msg":"Processed: layout/_scripts/third-party/analytics/baidu-analytics.swig","time":"2016-06-05T09:03:58.039Z","v":0}
{"name":"hexo","hostname":"DESKTOP-3BJQ9UK","pid":10596,"level":20,"msg":"Processed: layout/_scripts/third-party/analytics/busuanzi-counter.swig","time":"2016-06-05T09:03:58.040Z","v":0}
{"name":"hexo","hostname":"DESKTOP-3BJQ9UK","pid":10596,"level":20,"msg":"Processed: layout/_scripts/third-party/analytics/cnzz-analytics.swig","time":"2016-06-05T09:03:58.040Z","v":0}
{"name":"hexo","hostname":"DESKTOP-3BJQ9UK","pid":10596,"level":20,"msg":"Processed: layout/_scripts/third-party/analytics/facebook-sdk.swig","time":"2016-06-05T09:03:58.040Z","v":0}
{"name":"hexo","hostname":"DESKTOP-3BJQ9UK","pid":10596,"level":20,"msg":"Processed: layout/_scripts/third-party/analytics/google-analytics.swig","time":"2016-06-05T09:03:58.040Z","v":0}
{"name":"hexo","hostname":"DESKTOP-3BJQ9UK","pid":10596,"level":20,"msg":"Processed: layout/_scripts/third-party/analytics/tencent-analytics.swig","time":"2016-06-05T09:03:58.040Z","v":0}
{"name":"hexo","hostname":"DESKTOP-3BJQ9UK","pid":10596,"level":20,"msg":"Processed: layout/_scripts/third-party/comments/disqus.swig","time":"2016-06-05T09:03:58.040Z","v":0}
{"name":"hexo","hostname":"DESKTOP-3BJQ9UK","pid":10596,"level":20,"msg":"Processed: layout/_scripts/third-party/comments/duoshuo.swig","time":"2016-06-05T09:03:58.040Z","v":0}
{"name":"hexo","hostname":"DESKTOP-3BJQ9UK","pid":10596,"level":20,"msg":"Processed: source/vendors/font-awesome/fonts/fontawesome-webfont.svg","time":"2016-06-05T09:03:58.041Z","v":0}
{"name":"hexo","hostname":"DESKTOP-3BJQ9UK","pid":10596,"level":20,"msg":"Generator: page","time":"2016-06-05T09:03:58.508Z","v":0}
{"name":"hexo","hostname":"DESKTOP-3BJQ9UK","pid":10596,"level":20,"msg":"Generator: post","time":"2016-06-05T09:03:58.508Z","v":0}
{"name":"hexo","hostname":"DESKTOP-3BJQ9UK","pid":10596,"level":20,"msg":"Generator: archive","time":"2016-06-05T09:03:58.508Z","v":0}
{"name":"hexo","hostname":"DESKTOP-3BJQ9UK","pid":10596,"level":20,"msg":"Generator: category","time":"2016-06-05T09:03:58.508Z","v":0}
{"name":"hexo","hostname":"DESKTOP-3BJQ9UK","pid":10596,"level":20,"msg":"Generator: index","time":"2016-06-05T09:03:58.508Z","v":0}
{"name":"hexo","hostname":"DESKTOP-3BJQ9UK","pid":10596,"level":20,"msg":"Generator: tag","time":"2016-06-05T09:03:58.508Z","v":0}
{"name":"hexo","hostname":"DESKTOP-3BJQ9UK","pid":10596,"level":20,"msg":"Generator: asset","time":"2016-06-05T09:03:58.509Z","v":0}
{"name":"hexo","hostname":"DESKTOP-3BJQ9UK","pid":10596,"level":30,"msg":"Hexo is running at http://localhost:4000/. Press Ctrl+C to stop.","time":"2016-06-05T09:03:58.517Z","v":0}
{"name":"hexo","hostname":"DESKTOP-3BJQ9UK","pid":10596,"level":20,"msg":"Database saved","time":"2016-06-05T09:03:58.558Z","v":0}
{"name":"hexo","hostname":"DESKTOP-3BJQ9UK","pid":10596,"level":20,"msg":"Rendering index: index.html","time":"2016-06-05T09:04:01.081Z","v":0}
{"name":"hexo","hostname":"DESKTOP-3BJQ9UK","pid":10596,"level":20,"msg":"Rendering page: categories/index.html","time":"2016-06-05T09:04:04.879Z","v":0}
{"name":"hexo","hostname":"DESKTOP-3BJQ9UK","pid":10596,"level":20,"msg":"Rendering index: index.html","time":"2016-06-05T09:04:07.667Z","v":0}
{"name":"hexo","hostname":"DESKTOP-3BJQ9UK","pid":10596,"level":20,"msg":"Rendering page: categories/index.html","time":"2016-06-05T09:04:09.610Z","v":0}
{"name":"hexo","hostname":"DESKTOP-3BJQ9UK","pid":10596,"level":20,"msg":"Rendering page: about/index.html","time":"2016-06-05T09:04:11.584Z","v":0}
{"name":"hexo","hostname":"DESKTOP-3BJQ9UK","pid":10596,"level":20,"msg":"Rendering index: index.html","time":"2016-06-05T09:05:45.259Z","v":0}
{"name":"hexo","hostname":"DESKTOP-3BJQ9UK","pid":10596,"level":20,"msg":"Rendering index: index.html","time":"2016-06-05T09:18:26.625Z","v":0}
{"name":"hexo","hostname":"DESKTOP-3BJQ9UK","pid":10596,"level":20,"msg":"Rendering index: index.html","time":"2016-06-05T09:18:32.643Z","v":0}
{"name":"hexo","hostname":"DESKTOP-3BJQ9UK","pid":10596,"level":20,"msg":"Rendering page: categories/index.html","time":"2016-06-05T09:18:34.460Z","v":0}
{"name":"hexo","hostname":"DESKTOP-3BJQ9UK","pid":10596,"level":20,"msg":"Rendering page: about/index.html","time":"2016-06-05T09:18:36.628Z","v":0}
{"name":"hexo","hostname":"DESKTOP-3BJQ9UK","pid":10596,"level":20,"msg":"Rendering archive: archives/index.html","time":"2016-06-05T09:18:42.541Z","v":0}
{"name":"hexo","hostname":"DESKTOP-3BJQ9UK","pid":10596,"level":20,"msg":"Rendering post: 2016/05/21/hello-world/index.html","time":"2016-06-05T09:18:50.946Z","v":0}
{"name":"hexo","hostname":"DESKTOP-3BJQ9UK","pid":10596,"level":20,"msg":"Rendering index: index.html","time":"2016-06-05T09:18:59.158Z","v":0}
{"name":"hexo","hostname":"DESKTOP-3BJQ9UK","pid":10596,"level":20,"msg":"Rendering page: categories/index.html","time":"2016-06-05T09:19:03.952Z","v":0}
{"name":"hexo","hostname":"DESKTOP-3BJQ9UK","pid":10596,"level":20,"msg":"Rendering index: index.html","time":"2016-06-05T09:19:07.141Z","v":0}
{"name":"hexo","hostname":"DESKTOP-3BJQ9UK","pid":10596,"level":20,"msg":"Rendering post: 2016/05/21/hello-world/index.html","time":"2016-06-05T09:19:11.685Z","v":0}
{"name":"hexo","hostname":"DESKTOP-3BJQ9UK","pid":10596,"level":20,"msg":"Rendering index: index.html","time":"2016-06-05T09:19:20.415Z","v":0}
{"name":"hexo","hostname":"DESKTOP-3BJQ9UK","pid":10596,"level":20,"msg":"Theme config loaded.","time":"2016-06-05T09:19:51.701Z","v":0}
{"name":"hexo","hostname":"DESKTOP-3BJQ9UK","pid":10596,"level":20,"msg":"Processed: _config.yml","time":"2016-06-05T09:19:51.702Z","v":0}
{"name":"hexo","hostname":"DESKTOP-3BJQ9UK","pid":10596,"level":20,"msg":"Generator: page","time":"2016-06-05T09:19:51.828Z","v":0}
{"name":"hexo","hostname":"DESKTOP-3BJQ9UK","pid":10596,"level":20,"msg":"Generator: post","time":"2016-06-05T09:19:51.829Z","v":0}
{"name":"hexo","hostname":"DESKTOP-3BJQ9UK","pid":10596,"level":20,"msg":"Generator: archive","time":"2016-06-05T09:19:51.829Z","v":0}
{"name":"hexo","hostname":"DESKTOP-3BJQ9UK","pid":10596,"level":20,"msg":"Generator: category","time":"2016-06-05T09:19:51.829Z","v":0}
{"name":"hexo","hostname":"DESKTOP-3BJQ9UK","pid":10596,"level":20,"msg":"Generator: index","time":"2016-06-05T09:19:51.829Z","v":0}
{"name":"hexo","hostname":"DESKTOP-3BJQ9UK","pid":10596,"level":20,"msg":"Generator: tag","time":"2016-06-05T09:19:51.829Z","v":0}
{"name":"hexo","hostname":"DESKTOP-3BJQ9UK","pid":10596,"level":20,"msg":"Generator: asset","time":"2016-06-05T09:19:51.831Z","v":0}
{"name":"hexo","hostname":"DESKTOP-3BJQ9UK","pid":10596,"level":20,"msg":"Theme config loaded.","time":"2016-06-05T09:19:53.423Z","v":0}
{"name":"hexo","hostname":"DESKTOP-3BJQ9UK","pid":10596,"level":20,"msg":"Processed: _config.yml","time":"2016-06-05T09:19:53.423Z","v":0}
{"name":"hexo","hostname":"DESKTOP-3BJQ9UK","pid":10596,"level":20,"msg":"Generator: page","time":"2016-06-05T09:19:53.551Z","v":0}
{"name":"hexo","hostname":"DESKTOP-3BJQ9UK","pid":10596,"level":20,"msg":"Generator: post","time":"2016-06-05T09:19:53.551Z","v":0}
{"name":"hexo","hostname":"DESKTOP-3BJQ9UK","pid":10596,"level":20,"msg":"Generator: archive","time":"2016-06-05T09:19:53.551Z","v":0}
{"name":"hexo","hostname":"DESKTOP-3BJQ9UK","pid":10596,"level":20,"msg":"Generator: category","time":"2016-06-05T09:19:53.551Z","v":0}
{"name":"hexo","hostname":"DESKTOP-3BJQ9UK","pid":10596,"level":20,"msg":"Generator: index","time":"2016-06-05T09:19:53.552Z","v":0}
{"name":"hexo","hostname":"DESKTOP-3BJQ9UK","pid":10596,"level":20,"msg":"Generator: tag","time":"2016-06-05T09:19:53.552Z","v":0}
{"name":"hexo","hostname":"DESKTOP-3BJQ9UK","pid":10596,"level":20,"msg":"Generator: asset","time":"2016-06-05T09:19:53.555Z","v":0}
{"name":"hexo","hostname":"DESKTOP-3BJQ9UK","pid":10596,"level":20,"msg":"Rendering index: index.html","time":"2016-06-05T09:20:05.243Z","v":0}
{"name":"hexo","hostname":"DESKTOP-3BJQ9UK","pid":10596,"level":20,"msg":"Rendering page: about/index.html","time":"2016-06-05T09:20:08.994Z","v":0}
{"name":"hexo","hostname":"DESKTOP-3BJQ9UK","pid":10596,"level":20,"msg":"Rendering index: index.html","time":"2016-06-05T09:21:37.813Z","v":0}
{"name":"hexo","hostname":"DESKTOP-3BJQ9UK","pid":6924,"level":20,"msg":"Hexo version: 3.2.0","time":"2016-06-05T09:30:27.358Z","v":0}
{"name":"hexo","hostname":"DESKTOP-3BJQ9UK","pid":6924,"level":20,"msg":"Working directory: E:\\chandlerblog\\","time":"2016-06-05T09:30:27.362Z","v":0}
{"name":"hexo","hostname":"DESKTOP-3BJQ9UK","pid":6924,"level":20,"msg":"Config loaded: E:\\chandlerblog\\_config.yml","time":"2016-06-05T09:30:27.526Z","v":0}
{"name":"hexo","hostname":"DESKTOP-3BJQ9UK","pid":6924,"level":20,"msg":"Plugin loaded: hexo-generator-archive","time":"2016-06-05T09:30:27.552Z","v":0}
{"name":"hexo","hostname":"DESKTOP-3BJQ9UK","pid":6924,"level":20,"msg":"Plugin loaded: hexo-deployer-git","time":"2016-06-05T09:30:27.833Z","v":0}
{"name":"hexo","hostname":"DESKTOP-3BJQ9UK","pid":6924,"level":20,"msg":"Plugin loaded: hexo-generator-category","time":"2016-06-05T09:30:27.839Z","v":0}
{"name":"hexo","hostname":"DESKTOP-3BJQ9UK","pid":6924,"level":20,"msg":"Plugin loaded: hexo-generator-index","time":"2016-06-05T09:30:27.844Z","v":0}
{"name":"hexo","hostname":"DESKTOP-3BJQ9UK","pid":6924,"level":20,"msg":"Plugin loaded: hexo-generator-tag","time":"2016-06-05T09:30:27.850Z","v":0}
{"name":"hexo","hostname":"DESKTOP-3BJQ9UK","pid":6924,"level":20,"msg":"Plugin loaded: hexo-renderer-ejs","time":"2016-06-05T09:30:27.857Z","v":0}
{"name":"hexo","hostname":"DESKTOP-3BJQ9UK","pid":6924,"level":20,"msg":"Plugin loaded: hexo-renderer-marked","time":"2016-06-05T09:30:27.990Z","v":0}
{"name":"hexo","hostname":"DESKTOP-3BJQ9UK","pid":6924,"level":20,"msg":"Plugin loaded: hexo-renderer-stylus","time":"2016-06-05T09:30:27.993Z","v":0}
{"name":"hexo","hostname":"DESKTOP-3BJQ9UK","pid":6924,"level":20,"msg":"Plugin loaded: hexo-server","time":"2016-06-05T09:30:28.190Z","v":0}
{"name":"hexo","hostname":"DESKTOP-3BJQ9UK","pid":6924,"level":20,"msg":"Script loaded: themes\\next\\scripts\\merge-configs.js","time":"2016-06-05T09:30:28.191Z","v":0}
{"name":"hexo","hostname":"DESKTOP-3BJQ9UK","pid":6924,"level":20,"msg":"Script loaded: themes\\next\\scripts\\tags\\center-quote.js","time":"2016-06-05T09:30:28.191Z","v":0}
{"name":"hexo","hostname":"DESKTOP-3BJQ9UK","pid":6924,"level":20,"msg":"Script loaded: themes\\next\\scripts\\tags\\full-image.js","time":"2016-06-05T09:30:28.192Z","v":0}
{"name":"hexo","hostname":"DESKTOP-3BJQ9UK","pid":6924,"level":20,"msg":"Script loaded: themes\\next\\scripts\\tags\\group-pictures.js","time":"2016-06-05T09:30:28.193Z","v":0}
{"name":"hexo","hostname":"DESKTOP-3BJQ9UK","pid":6924,"level":20,"msg":"Loading database.","time":"2016-06-05T09:30:28.206Z","v":0}
{"name":"hexo","hostname":"DESKTOP-3BJQ9UK","pid":6924,"level":30,"msg":"Start processing","time":"2016-06-05T09:30:28.216Z","v":0}
{"name":"hexo","hostname":"DESKTOP-3BJQ9UK","pid":6924,"level":20,"msg":"Processed: CNAME","time":"2016-06-05T09:30:28.263Z","v":0}
{"name":"hexo","hostname":"DESKTOP-3BJQ9UK","pid":6924,"level":20,"msg":"Processed: categories/debug.log","time":"2016-06-05T09:30:28.331Z","v":0}
{"name":"hexo","hostname":"DESKTOP-3BJQ9UK","pid":6924,"level":20,"msg":"Theme config loaded.","time":"2016-06-05T09:30:28.407Z","v":0}
{"name":"hexo","hostname":"DESKTOP-3BJQ9UK","pid":6924,"level":20,"msg":"Processed: _config.yml","time":"2016-06-05T09:30:28.408Z","v":0}
{"name":"hexo","hostname":"DESKTOP-3BJQ9UK","pid":6924,"level":20,"msg":"Processed: source/css/main.styl","time":"2016-06-05T09:30:28.417Z","v":0}
{"name":"hexo","hostname":"DESKTOP-3BJQ9UK","pid":6924,"level":20,"msg":"Processed: source/images/avatar.gif","time":"2016-06-05T09:30:28.417Z","v":0}
{"name":"hexo","hostname":"DESKTOP-3BJQ9UK","pid":6924,"level":20,"msg":"Processed: source/images/cc-by-nc-nd.svg","time":"2016-06-05T09:30:28.417Z","v":0}
{"name":"hexo","hostname":"DESKTOP-3BJQ9UK","pid":6924,"level":20,"msg":"Processed: source/images/cc-by-nc-sa.svg","time":"2016-06-05T09:30:28.418Z","v":0}
{"name":"hexo","hostname":"DESKTOP-3BJQ9UK","pid":6924,"level":20,"msg":"Processed: source/images/cc-by-nc.svg","time":"2016-06-05T09:30:28.418Z","v":0}
{"name":"hexo","hostname":"DESKTOP-3BJQ9UK","pid":6924,"level":20,"msg":"Processed: source/images/cc-by-nd.svg","time":"2016-06-05T09:30:28.419Z","v":0}
{"name":"hexo","hostname":"DESKTOP-3BJQ9UK","pid":6924,"level":20,"msg":"Processed: source/images/cc-by-sa.svg","time":"2016-06-05T09:30:28.421Z","v":0}
{"name":"hexo","hostname":"DESKTOP-3BJQ9UK","pid":6924,"level":20,"msg":"Processed: source/images/cc-by.svg","time":"2016-06-05T09:30:28.421Z","v":0}
{"name":"hexo","hostname":"DESKTOP-3BJQ9UK","pid":6924,"level":20,"msg":"Processed: source/images/cc-zero.svg","time":"2016-06-05T09:30:28.422Z","v":0}
{"name":"hexo","hostname":"DESKTOP-3BJQ9UK","pid":6924,"level":20,"msg":"Processed: source/images/loading.gif","time":"2016-06-05T09:30:28.424Z","v":0}
{"name":"hexo","hostname":"DESKTOP-3BJQ9UK","pid":6924,"level":20,"msg":"Processed: source/images/placeholder.gif","time":"2016-06-05T09:30:28.424Z","v":0}
{"name":"hexo","hostname":"DESKTOP-3BJQ9UK","pid":6924,"level":20,"msg":"Processed: source/images/quote-l.svg","time":"2016-06-05T09:30:28.425Z","v":0}
{"name":"hexo","hostname":"DESKTOP-3BJQ9UK","pid":6924,"level":20,"msg":"Processed: source/images/quote-r.svg","time":"2016-06-05T09:30:28.426Z","v":0}
{"name":"hexo","hostname":"DESKTOP-3BJQ9UK","pid":6924,"level":20,"msg":"Processed: source/images/searchicon.png","time":"2016-06-05T09:30:28.428Z","v":0}
{"name":"hexo","hostname":"DESKTOP-3BJQ9UK","pid":6924,"level":20,"msg":"Processed: _posts/hello-world.md","time":"2016-06-05T09:30:28.465Z","v":0}
{"name":"hexo","hostname":"DESKTOP-3BJQ9UK","pid":6924,"level":20,"msg":"Processed: _data/link.json","time":"2016-06-05T09:30:28.466Z","v":0}
{"name":"hexo","hostname":"DESKTOP-3BJQ9UK","pid":6924,"level":20,"msg":"Processed: _data/about.json","time":"2016-06-05T09:30:28.467Z","v":0}
{"name":"hexo","hostname":"DESKTOP-3BJQ9UK","pid":6924,"level":20,"msg":"Processed: images/1-los-cabos-peace-padilla-i-mexico-sloop-jump-sea.jpg","time":"2016-06-05T09:30:28.467Z","v":0}
{"name":"hexo","hostname":"DESKTOP-3BJQ9UK","pid":6924,"level":20,"msg":"Processed: _data/hint.json","time":"2016-06-05T09:30:28.467Z","v":0}
{"name":"hexo","hostname":"DESKTOP-3BJQ9UK","pid":6924,"level":20,"msg":"Processed: _data/reading.json","time":"2016-06-05T09:30:28.468Z","v":0}
{"name":"hexo","hostname":"DESKTOP-3BJQ9UK","pid":6924,"level":20,"msg":"Processed: _data/slider.json","time":"2016-06-05T09:30:28.469Z","v":0}
{"name":"hexo","hostname":"DESKTOP-3BJQ9UK","pid":6924,"level":20,"msg":"Processed: layout/_layout.swig","time":"2016-06-05T09:30:28.684Z","v":0}
{"name":"hexo","hostname":"DESKTOP-3BJQ9UK","pid":6924,"level":20,"msg":"Processed: layout/archive.swig","time":"2016-06-05T09:30:28.685Z","v":0}
{"name":"hexo","hostname":"DESKTOP-3BJQ9UK","pid":6924,"level":20,"msg":"Processed: layout/category.swig","time":"2016-06-05T09:30:28.685Z","v":0}
{"name":"hexo","hostname":"DESKTOP-3BJQ9UK","pid":6924,"level":20,"msg":"Processed: layout/index.swig","time":"2016-06-05T09:30:28.685Z","v":0}
{"name":"hexo","hostname":"DESKTOP-3BJQ9UK","pid":6924,"level":20,"msg":"Processed: layout/page.swig","time":"2016-06-05T09:30:28.685Z","v":0}
{"name":"hexo","hostname":"DESKTOP-3BJQ9UK","pid":6924,"level":20,"msg":"Processed: layout/post.swig","time":"2016-06-05T09:30:28.685Z","v":0}
{"name":"hexo","hostname":"DESKTOP-3BJQ9UK","pid":6924,"level":20,"msg":"Processed: layout/tag.swig","time":"2016-06-05T09:30:28.685Z","v":0}
{"name":"hexo","hostname":"DESKTOP-3BJQ9UK","pid":6924,"level":20,"msg":"Processed: _posts/第一篇博客.md","time":"2016-06-05T09:30:28.701Z","v":0}
{"name":"hexo","hostname":"DESKTOP-3BJQ9UK","pid":6924,"level":20,"msg":"Processed: reading/index.md","time":"2016-06-05T09:30:28.703Z","v":0}
{"name":"hexo","hostname":"DESKTOP-3BJQ9UK","pid":6924,"level":20,"msg":"Processed: languages/de.yml","time":"2016-06-05T09:30:28.703Z","v":0}
{"name":"hexo","hostname":"DESKTOP-3BJQ9UK","pid":6924,"level":20,"msg":"Processed: languages/default.yml","time":"2016-06-05T09:30:28.703Z","v":0}
{"name":"hexo","hostname":"DESKTOP-3BJQ9UK","pid":6924,"level":20,"msg":"Processed: languages/en.yml","time":"2016-06-05T09:30:28.704Z","v":0}
{"name":"hexo","hostname":"DESKTOP-3BJQ9UK","pid":6924,"level":20,"msg":"Processed: languages/fr-FR.yml","time":"2016-06-05T09:30:28.704Z","v":0}
{"name":"hexo","hostname":"DESKTOP-3BJQ9UK","pid":6924,"level":20,"msg":"Processed: languages/id.yml","time":"2016-06-05T09:30:28.704Z","v":0}
{"name":"hexo","hostname":"DESKTOP-3BJQ9UK","pid":6924,"level":20,"msg":"Processed: languages/pt.yml","time":"2016-06-05T09:30:28.704Z","v":0}
{"name":"hexo","hostname":"DESKTOP-3BJQ9UK","pid":6924,"level":20,"msg":"Processed: languages/ja.yml","time":"2016-06-05T09:30:28.704Z","v":0}
{"name":"hexo","hostname":"DESKTOP-3BJQ9UK","pid":6924,"level":20,"msg":"Processed: languages/ru.yml","time":"2016-06-05T09:30:28.704Z","v":0}
{"name":"hexo","hostname":"DESKTOP-3BJQ9UK","pid":6924,"level":20,"msg":"Processed: languages/zh-Hans.yml","time":"2016-06-05T09:30:28.704Z","v":0}
{"name":"hexo","hostname":"DESKTOP-3BJQ9UK","pid":6924,"level":20,"msg":"Processed: languages/zh-tw.yml","time":"2016-06-05T09:30:28.704Z","v":0}
{"name":"hexo","hostname":"DESKTOP-3BJQ9UK","pid":6924,"level":20,"msg":"Processed: languages/zh-hk.yml","time":"2016-06-05T09:30:28.704Z","v":0}
{"name":"hexo","hostname":"DESKTOP-3BJQ9UK","pid":6924,"level":20,"msg":"Processed: about/index.md","time":"2016-06-05T09:30:28.705Z","v":0}
{"name":"hexo","hostname":"DESKTOP-3BJQ9UK","pid":6924,"level":20,"msg":"Processed: categories/index.md","time":"2016-06-05T09:30:28.706Z","v":0}
{"name":"hexo","hostname":"DESKTOP-3BJQ9UK","pid":6924,"level":20,"msg":"Processed: images/cigar-smoking-cigar-cigarette-smoking-man-male.jpg","time":"2016-06-05T09:30:28.706Z","v":0}
{"name":"hexo","hostname":"DESKTOP-3BJQ9UK","pid":6924,"level":20,"msg":"Processed: images/water-background-wave-liquid-blue-surface-texture.jpg","time":"2016-06-05T09:30:28.706Z","v":0}
{"name":"hexo","hostname":"DESKTOP-3BJQ9UK","pid":6924,"level":20,"msg":"Processed: source/js/src/affix.js","time":"2016-06-05T09:30:28.720Z","v":0}
{"name":"hexo","hostname":"DESKTOP-3BJQ9UK","pid":6924,"level":20,"msg":"Processed: source/js/src/bootstrap.js","time":"2016-06-05T09:30:28.720Z","v":0}
{"name":"hexo","hostname":"DESKTOP-3BJQ9UK","pid":6924,"level":20,"msg":"Processed: source/js/src/hook-duoshuo.js","time":"2016-06-05T09:30:28.721Z","v":0}
{"name":"hexo","hostname":"DESKTOP-3BJQ9UK","pid":6924,"level":20,"msg":"Processed: source/js/src/motion.js","time":"2016-06-05T09:30:28.722Z","v":0}
{"name":"hexo","hostname":"DESKTOP-3BJQ9UK","pid":6924,"level":20,"msg":"Processed: source/js/src/post-details.js","time":"2016-06-05T09:30:28.723Z","v":0}
{"name":"hexo","hostname":"DESKTOP-3BJQ9UK","pid":6924,"level":20,"msg":"Processed: source/js/src/scrollspy.js","time":"2016-06-05T09:30:28.723Z","v":0}
{"name":"hexo","hostname":"DESKTOP-3BJQ9UK","pid":6924,"level":20,"msg":"Processed: source/js/src/utils.js","time":"2016-06-05T09:30:28.724Z","v":0}
{"name":"hexo","hostname":"DESKTOP-3BJQ9UK","pid":6924,"level":20,"msg":"Processed: source/vendors/fastclick/LICENSE","time":"2016-06-05T09:30:28.729Z","v":0}
{"name":"hexo","hostname":"DESKTOP-3BJQ9UK","pid":6924,"level":20,"msg":"Processed: source/vendors/fastclick/README.md","time":"2016-06-05T09:30:28.733Z","v":0}
{"name":"hexo","hostname":"DESKTOP-3BJQ9UK","pid":6924,"level":20,"msg":"Processed: source/vendors/fastclick/bower.json","time":"2016-06-05T09:30:28.733Z","v":0}
{"name":"hexo","hostname":"DESKTOP-3BJQ9UK","pid":6924,"level":20,"msg":"Processed: source/vendors/font-awesome/HELP-US-OUT.txt","time":"2016-06-05T09:30:28.736Z","v":0}
{"name":"hexo","hostname":"DESKTOP-3BJQ9UK","pid":6924,"level":20,"msg":"Processed: source/vendors/font-awesome/bower.json","time":"2016-06-05T09:30:28.736Z","v":0}
{"name":"hexo","hostname":"DESKTOP-3BJQ9UK","pid":6924,"level":20,"msg":"Processed: source/vendors/jquery_lazyload/CONTRIBUTING.md","time":"2016-06-05T09:30:28.737Z","v":0}
{"name":"hexo","hostname":"DESKTOP-3BJQ9UK","pid":6924,"level":20,"msg":"Processed: source/vendors/jquery_lazyload/README.md","time":"2016-06-05T09:30:28.737Z","v":0}
{"name":"hexo","hostname":"DESKTOP-3BJQ9UK","pid":6924,"level":20,"msg":"Processed: source/vendors/jquery_lazyload/bower.json","time":"2016-06-05T09:30:28.737Z","v":0}
{"name":"hexo","hostname":"DESKTOP-3BJQ9UK","pid":6924,"level":20,"msg":"Processed: source/vendors/jquery_lazyload/jquery.lazyload.js","time":"2016-06-05T09:30:28.738Z","v":0}
{"name":"hexo","hostname":"DESKTOP-3BJQ9UK","pid":6924,"level":20,"msg":"Processed: source/vendors/jquery_lazyload/jquery.scrollstop.js","time":"2016-06-05T09:30:28.738Z","v":0}
{"name":"hexo","hostname":"DESKTOP-3BJQ9UK","pid":6924,"level":20,"msg":"Processed: source/vendors/velocity/bower.json","time":"2016-06-05T09:30:28.739Z","v":0}
{"name":"hexo","hostname":"DESKTOP-3BJQ9UK","pid":6924,"level":20,"msg":"Processed: source/vendors/velocity/velocity.min.js","time":"2016-06-05T09:30:28.739Z","v":0}
{"name":"hexo","hostname":"DESKTOP-3BJQ9UK","pid":6924,"level":20,"msg":"Processed: source/vendors/velocity/velocity.ui.js","time":"2016-06-05T09:30:28.739Z","v":0}
{"name":"hexo","hostname":"DESKTOP-3BJQ9UK","pid":6924,"level":20,"msg":"Processed: source/vendors/velocity/velocity.ui.min.js","time":"2016-06-05T09:30:28.739Z","v":0}
{"name":"hexo","hostname":"DESKTOP-3BJQ9UK","pid":6924,"level":20,"msg":"Processed: source/vendors/jquery/index.js","time":"2016-06-05T09:30:28.787Z","v":0}
{"name":"hexo","hostname":"DESKTOP-3BJQ9UK","pid":6924,"level":20,"msg":"Processed: layout/_macro/post.swig","time":"2016-06-05T09:30:28.859Z","v":0}
{"name":"hexo","hostname":"DESKTOP-3BJQ9UK","pid":6924,"level":20,"msg":"Processed: layout/_macro/post-collapse.swig","time":"2016-06-05T09:30:28.859Z","v":0}
{"name":"hexo","hostname":"DESKTOP-3BJQ9UK","pid":6924,"level":20,"msg":"Processed: layout/_macro/reward.swig","time":"2016-06-05T09:30:28.859Z","v":0}
{"name":"hexo","hostname":"DESKTOP-3BJQ9UK","pid":6924,"level":20,"msg":"Processed: layout/_macro/sidebar.swig","time":"2016-06-05T09:30:28.859Z","v":0}
{"name":"hexo","hostname":"DESKTOP-3BJQ9UK","pid":6924,"level":20,"msg":"Processed: layout/_partials/comments.swig","time":"2016-06-05T09:30:28.859Z","v":0}
{"name":"hexo","hostname":"DESKTOP-3BJQ9UK","pid":6924,"level":20,"msg":"Processed: layout/_macro/wechat-subscriber.swig","time":"2016-06-05T09:30:28.859Z","v":0}
{"name":"hexo","hostname":"DESKTOP-3BJQ9UK","pid":6924,"level":20,"msg":"Processed: layout/_partials/duoshuo-hot-articles.swig","time":"2016-06-05T09:30:28.860Z","v":0}
{"name":"hexo","hostname":"DESKTOP-3BJQ9UK","pid":6924,"level":20,"msg":"Processed: layout/_partials/footer.swig","time":"2016-06-05T09:30:28.860Z","v":0}
{"name":"hexo","hostname":"DESKTOP-3BJQ9UK","pid":6924,"level":20,"msg":"Processed: layout/_partials/head.swig","time":"2016-06-05T09:30:28.860Z","v":0}
{"name":"hexo","hostname":"DESKTOP-3BJQ9UK","pid":6924,"level":20,"msg":"Processed: layout/_partials/header.swig","time":"2016-06-05T09:30:28.860Z","v":0}
{"name":"hexo","hostname":"DESKTOP-3BJQ9UK","pid":6924,"level":20,"msg":"Processed: layout/_partials/search.swig","time":"2016-06-05T09:30:28.860Z","v":0}
{"name":"hexo","hostname":"DESKTOP-3BJQ9UK","pid":6924,"level":20,"msg":"Processed: layout/_partials/pagination.swig","time":"2016-06-05T09:30:28.860Z","v":0}
{"name":"hexo","hostname":"DESKTOP-3BJQ9UK","pid":6924,"level":20,"msg":"Processed: layout/_scripts/baidu-push.swig","time":"2016-06-05T09:30:28.860Z","v":0}
{"name":"hexo","hostname":"DESKTOP-3BJQ9UK","pid":6924,"level":20,"msg":"Processed: layout/_scripts/boostrap.swig","time":"2016-06-05T09:30:28.860Z","v":0}
{"name":"hexo","hostname":"DESKTOP-3BJQ9UK","pid":6924,"level":20,"msg":"Processed: layout/_scripts/commons.swig","time":"2016-06-05T09:30:28.860Z","v":0}
{"name":"hexo","hostname":"DESKTOP-3BJQ9UK","pid":6924,"level":20,"msg":"Processed: layout/_scripts/vendors.swig","time":"2016-06-05T09:30:28.860Z","v":0}
{"name":"hexo","hostname":"DESKTOP-3BJQ9UK","pid":6924,"level":20,"msg":"Processed: source/js/src/schemes/pisces.js","time":"2016-06-05T09:30:28.864Z","v":0}
{"name":"hexo","hostname":"DESKTOP-3BJQ9UK","pid":6924,"level":20,"msg":"Processed: source/vendors/fancybox/source/blank.gif","time":"2016-06-05T09:30:28.866Z","v":0}
{"name":"hexo","hostname":"DESKTOP-3BJQ9UK","pid":6924,"level":20,"msg":"Processed: source/vendors/fancybox/source/fancybox_loading.gif","time":"2016-06-05T09:30:28.866Z","v":0}
{"name":"hexo","hostname":"DESKTOP-3BJQ9UK","pid":6924,"level":20,"msg":"Processed: source/vendors/fancybox/source/fancybox_loading@2x.gif","time":"2016-06-05T09:30:28.867Z","v":0}
{"name":"hexo","hostname":"DESKTOP-3BJQ9UK","pid":6924,"level":20,"msg":"Processed: source/vendors/fancybox/source/fancybox_overlay.png","time":"2016-06-05T09:30:28.868Z","v":0}
{"name":"hexo","hostname":"DESKTOP-3BJQ9UK","pid":6924,"level":20,"msg":"Processed: source/vendors/fancybox/source/fancybox_sprite.png","time":"2016-06-05T09:30:28.868Z","v":0}
{"name":"hexo","hostname":"DESKTOP-3BJQ9UK","pid":6924,"level":20,"msg":"Processed: source/vendors/fancybox/source/fancybox_sprite@2x.png","time":"2016-06-05T09:30:28.868Z","v":0}
{"name":"hexo","hostname":"DESKTOP-3BJQ9UK","pid":6924,"level":20,"msg":"Processed: source/vendors/fancybox/source/jquery.fancybox.css","time":"2016-06-05T09:30:28.868Z","v":0}
{"name":"hexo","hostname":"DESKTOP-3BJQ9UK","pid":6924,"level":20,"msg":"Processed: source/vendors/fancybox/source/jquery.fancybox.js","time":"2016-06-05T09:30:28.869Z","v":0}
{"name":"hexo","hostname":"DESKTOP-3BJQ9UK","pid":6924,"level":20,"msg":"Processed: source/vendors/fancybox/source/jquery.fancybox.pack.js","time":"2016-06-05T09:30:28.869Z","v":0}
{"name":"hexo","hostname":"DESKTOP-3BJQ9UK","pid":6924,"level":20,"msg":"Processed: source/vendors/fastclick/lib/fastclick.js","time":"2016-06-05T09:30:28.869Z","v":0}
{"name":"hexo","hostname":"DESKTOP-3BJQ9UK","pid":6924,"level":20,"msg":"Processed: source/vendors/fastclick/lib/fastclick.min.js","time":"2016-06-05T09:30:28.870Z","v":0}
{"name":"hexo","hostname":"DESKTOP-3BJQ9UK","pid":6924,"level":20,"msg":"Processed: source/vendors/font-awesome/css/font-awesome.css","time":"2016-06-05T09:30:28.870Z","v":0}
{"name":"hexo","hostname":"DESKTOP-3BJQ9UK","pid":6924,"level":20,"msg":"Processed: source/vendors/font-awesome/css/font-awesome.css.map","time":"2016-06-05T09:30:28.870Z","v":0}
{"name":"hexo","hostname":"DESKTOP-3BJQ9UK","pid":6924,"level":20,"msg":"Processed: source/vendors/font-awesome/css/font-awesome.min.css","time":"2016-06-05T09:30:28.870Z","v":0}
{"name":"hexo","hostname":"DESKTOP-3BJQ9UK","pid":6924,"level":20,"msg":"Processed: source/vendors/font-awesome/fonts/fontawesome-webfont.woff2","time":"2016-06-05T09:30:28.871Z","v":0}
{"name":"hexo","hostname":"DESKTOP-3BJQ9UK","pid":6924,"level":20,"msg":"Processed: source/vendors/ua-parser-js/dist/ua-parser.min.js","time":"2016-06-05T09:30:28.871Z","v":0}
{"name":"hexo","hostname":"DESKTOP-3BJQ9UK","pid":6924,"level":20,"msg":"Processed: source/vendors/ua-parser-js/dist/ua-parser.pack.js","time":"2016-06-05T09:30:28.871Z","v":0}
{"name":"hexo","hostname":"DESKTOP-3BJQ9UK","pid":6924,"level":20,"msg":"Processed: layout/_scripts/schemes/mist.swig","time":"2016-06-05T09:30:28.875Z","v":0}
{"name":"hexo","hostname":"DESKTOP-3BJQ9UK","pid":6924,"level":20,"msg":"Processed: layout/_scripts/schemes/muse.swig","time":"2016-06-05T09:30:28.875Z","v":0}
{"name":"hexo","hostname":"DESKTOP-3BJQ9UK","pid":6924,"level":20,"msg":"Processed: source/vendors/font-awesome/fonts/FontAwesome.otf","time":"2016-06-05T09:30:28.877Z","v":0}
{"name":"hexo","hostname":"DESKTOP-3BJQ9UK","pid":6924,"level":20,"msg":"Processed: source/vendors/font-awesome/fonts/fontawesome-webfont.eot","time":"2016-06-05T09:30:28.877Z","v":0}
{"name":"hexo","hostname":"DESKTOP-3BJQ9UK","pid":6924,"level":20,"msg":"Processed: source/vendors/font-awesome/fonts/fontawesome-webfont.woff","time":"2016-06-05T09:30:28.878Z","v":0}
{"name":"hexo","hostname":"DESKTOP-3BJQ9UK","pid":6924,"level":20,"msg":"Processed: source/vendors/velocity/velocity.js","time":"2016-06-05T09:30:28.878Z","v":0}
{"name":"hexo","hostname":"DESKTOP-3BJQ9UK","pid":6924,"level":20,"msg":"Processed: layout/_partials/head/external-fonts.swig","time":"2016-06-05T09:30:28.895Z","v":0}
{"name":"hexo","hostname":"DESKTOP-3BJQ9UK","pid":6924,"level":20,"msg":"Processed: layout/_partials/search/tinysou.swig","time":"2016-06-05T09:30:28.895Z","v":0}
{"name":"hexo","hostname":"DESKTOP-3BJQ9UK","pid":6924,"level":20,"msg":"Processed: layout/_partials/search/localsearch.swig","time":"2016-06-05T09:30:28.895Z","v":0}
{"name":"hexo","hostname":"DESKTOP-3BJQ9UK","pid":6924,"level":20,"msg":"Processed: layout/_partials/search/swiftype.swig","time":"2016-06-05T09:30:28.896Z","v":0}
{"name":"hexo","hostname":"DESKTOP-3BJQ9UK","pid":6924,"level":20,"msg":"Processed: layout/_partials/share/add-this.swig","time":"2016-06-05T09:30:28.896Z","v":0}
{"name":"hexo","hostname":"DESKTOP-3BJQ9UK","pid":6924,"level":20,"msg":"Processed: layout/_scripts/pages/post-details.swig","time":"2016-06-05T09:30:28.896Z","v":0}
{"name":"hexo","hostname":"DESKTOP-3BJQ9UK","pid":6924,"level":20,"msg":"Processed: layout/_partials/share/jiathis.swig","time":"2016-06-05T09:30:28.896Z","v":0}
{"name":"hexo","hostname":"DESKTOP-3BJQ9UK","pid":6924,"level":20,"msg":"Processed: layout/_partials/share/baidushare.swig","time":"2016-06-05T09:30:28.896Z","v":0}
{"name":"hexo","hostname":"DESKTOP-3BJQ9UK","pid":6924,"level":20,"msg":"Processed: layout/_partials/share/duoshuo_share.swig","time":"2016-06-05T09:30:28.896Z","v":0}
{"name":"hexo","hostname":"DESKTOP-3BJQ9UK","pid":6924,"level":20,"msg":"Processed: layout/_scripts/schemes/pisces.swig","time":"2016-06-05T09:30:28.896Z","v":0}
{"name":"hexo","hostname":"DESKTOP-3BJQ9UK","pid":6924,"level":20,"msg":"Processed: layout/_scripts/third-party/analytics.swig","time":"2016-06-05T09:30:28.896Z","v":0}
{"name":"hexo","hostname":"DESKTOP-3BJQ9UK","pid":6924,"level":20,"msg":"Processed: layout/_scripts/third-party/comments.swig","time":"2016-06-05T09:30:28.896Z","v":0}
{"name":"hexo","hostname":"DESKTOP-3BJQ9UK","pid":6924,"level":20,"msg":"Processed: layout/_scripts/third-party/lean-analytics.swig","time":"2016-06-05T09:30:28.896Z","v":0}
{"name":"hexo","hostname":"DESKTOP-3BJQ9UK","pid":6924,"level":20,"msg":"Processed: layout/_scripts/third-party/localsearch.swig","time":"2016-06-05T09:30:28.897Z","v":0}
{"name":"hexo","hostname":"DESKTOP-3BJQ9UK","pid":6924,"level":20,"msg":"Processed: layout/_scripts/third-party/mathjax.swig","time":"2016-06-05T09:30:28.897Z","v":0}
{"name":"hexo","hostname":"DESKTOP-3BJQ9UK","pid":6924,"level":20,"msg":"Processed: layout/_scripts/third-party/tinysou.swig","time":"2016-06-05T09:30:28.897Z","v":0}
{"name":"hexo","hostname":"DESKTOP-3BJQ9UK","pid":6924,"level":20,"msg":"Processed: source/vendors/fancybox/source/helpers/fancybox_buttons.png","time":"2016-06-05T09:30:28.903Z","v":0}
{"name":"hexo","hostname":"DESKTOP-3BJQ9UK","pid":6924,"level":20,"msg":"Processed: source/vendors/fancybox/source/helpers/jquery.fancybox-buttons.css","time":"2016-06-05T09:30:28.903Z","v":0}
{"name":"hexo","hostname":"DESKTOP-3BJQ9UK","pid":6924,"level":20,"msg":"Processed: source/vendors/fancybox/source/helpers/jquery.fancybox-buttons.js","time":"2016-06-05T09:30:28.903Z","v":0}
{"name":"hexo","hostname":"DESKTOP-3BJQ9UK","pid":6924,"level":20,"msg":"Processed: source/vendors/fancybox/source/helpers/jquery.fancybox-thumbs.css","time":"2016-06-05T09:30:28.904Z","v":0}
{"name":"hexo","hostname":"DESKTOP-3BJQ9UK","pid":6924,"level":20,"msg":"Processed: source/vendors/fancybox/source/helpers/jquery.fancybox-media.js","time":"2016-06-05T09:30:28.904Z","v":0}
{"name":"hexo","hostname":"DESKTOP-3BJQ9UK","pid":6924,"level":20,"msg":"Processed: source/vendors/fancybox/source/helpers/jquery.fancybox-thumbs.js","time":"2016-06-05T09:30:28.904Z","v":0}
{"name":"hexo","hostname":"DESKTOP-3BJQ9UK","pid":6924,"level":20,"msg":"Processed: source/vendors/font-awesome/fonts/fontawesome-webfont.ttf","time":"2016-06-05T09:30:28.904Z","v":0}
{"name":"hexo","hostname":"DESKTOP-3BJQ9UK","pid":6924,"level":20,"msg":"Processed: layout/_scripts/third-party/analytics/busuanzi-counter.swig","time":"2016-06-05T09:30:28.914Z","v":0}
{"name":"hexo","hostname":"DESKTOP-3BJQ9UK","pid":6924,"level":20,"msg":"Processed: layout/_scripts/third-party/analytics/baidu-analytics.swig","time":"2016-06-05T09:30:28.915Z","v":0}
{"name":"hexo","hostname":"DESKTOP-3BJQ9UK","pid":6924,"level":20,"msg":"Processed: layout/_scripts/third-party/analytics/cnzz-analytics.swig","time":"2016-06-05T09:30:28.915Z","v":0}
{"name":"hexo","hostname":"DESKTOP-3BJQ9UK","pid":6924,"level":20,"msg":"Processed: layout/_scripts/third-party/analytics/facebook-sdk.swig","time":"2016-06-05T09:30:28.915Z","v":0}
{"name":"hexo","hostname":"DESKTOP-3BJQ9UK","pid":6924,"level":20,"msg":"Processed: layout/_scripts/third-party/analytics/google-analytics.swig","time":"2016-06-05T09:30:28.915Z","v":0}
{"name":"hexo","hostname":"DESKTOP-3BJQ9UK","pid":6924,"level":20,"msg":"Processed: layout/_scripts/third-party/analytics/tencent-analytics.swig","time":"2016-06-05T09:30:28.915Z","v":0}
{"name":"hexo","hostname":"DESKTOP-3BJQ9UK","pid":6924,"level":20,"msg":"Processed: layout/_scripts/third-party/comments/disqus.swig","time":"2016-06-05T09:30:28.915Z","v":0}
{"name":"hexo","hostname":"DESKTOP-3BJQ9UK","pid":6924,"level":20,"msg":"Processed: layout/_scripts/third-party/comments/duoshuo.swig","time":"2016-06-05T09:30:28.915Z","v":0}
{"name":"hexo","hostname":"DESKTOP-3BJQ9UK","pid":6924,"level":20,"msg":"Processed: source/vendors/font-awesome/fonts/fontawesome-webfont.svg","time":"2016-06-05T09:30:28.916Z","v":0}
{"name":"hexo","hostname":"DESKTOP-3BJQ9UK","pid":6924,"level":20,"msg":"Generator: page","time":"2016-06-05T09:30:29.444Z","v":0}
{"name":"hexo","hostname":"DESKTOP-3BJQ9UK","pid":6924,"level":20,"msg":"Generator: post","time":"2016-06-05T09:30:29.445Z","v":0}
{"name":"hexo","hostname":"DESKTOP-3BJQ9UK","pid":6924,"level":20,"msg":"Generator: archive","time":"2016-06-05T09:30:29.445Z","v":0}
{"name":"hexo","hostname":"DESKTOP-3BJQ9UK","pid":6924,"level":20,"msg":"Generator: category","time":"2016-06-05T09:30:29.445Z","v":0}
{"name":"hexo","hostname":"DESKTOP-3BJQ9UK","pid":6924,"level":20,"msg":"Generator: index","time":"2016-06-05T09:30:29.445Z","v":0}
{"name":"hexo","hostname":"DESKTOP-3BJQ9UK","pid":6924,"level":20,"msg":"Generator: tag","time":"2016-06-05T09:30:29.445Z","v":0}
{"name":"hexo","hostname":"DESKTOP-3BJQ9UK","pid":6924,"level":20,"msg":"Generator: asset","time":"2016-06-05T09:30:29.446Z","v":0}
{"name":"hexo","hostname":"DESKTOP-3BJQ9UK","pid":6924,"level":30,"msg":"Hexo is running at http://localhost:4000/. Press Ctrl+C to stop.","time":"2016-06-05T09:30:29.456Z","v":0}
{"name":"hexo","hostname":"DESKTOP-3BJQ9UK","pid":6924,"level":20,"msg":"Database saved","time":"2016-06-05T09:30:29.496Z","v":0}
{"name":"hexo","hostname":"DESKTOP-3BJQ9UK","pid":6924,"level":20,"msg":"Rendering page: about/index.html","time":"2016-06-05T09:30:44.968Z","v":0}
{"name":"hexo","hostname":"DESKTOP-3BJQ9UK","pid":6924,"level":20,"msg":"Rendering index: index.html","time":"2016-06-05T09:30:48.395Z","v":0}
{"name":"hexo","hostname":"DESKTOP-3BJQ9UK","pid":6924,"level":20,"msg":"Rendering page: categories/index.html","time":"2016-06-05T09:31:05.341Z","v":0}
{"name":"hexo","hostname":"DESKTOP-3BJQ9UK","pid":6924,"level":20,"msg":"Rendering archive: archives/index.html","time":"2016-06-05T09:31:07.465Z","v":0}
{"name":"hexo","hostname":"DESKTOP-3BJQ9UK","pid":6924,"level":20,"msg":"Rendering post: 2016/06/05/第一篇博客/index.html","time":"2016-06-05T09:31:10.318Z","v":0}
{"name":"hexo","hostname":"DESKTOP-3BJQ9UK","pid":6924,"level":20,"msg":"Rendering index: index.html","time":"2016-06-05T09:32:07.403Z","v":0}
{"name":"hexo","hostname":"DESKTOP-3BJQ9UK","pid":6924,"level":20,"msg":"Rendering index: index.html","time":"2016-06-05T09:35:14.109Z","v":0}
{"name":"hexo","hostname":"DESKTOP-3BJQ9UK","pid":6924,"level":20,"msg":"Processed: _posts/第一篇博客.md","time":"2016-06-05T09:38:28.530Z","v":0}
{"name":"hexo","hostname":"DESKTOP-3BJQ9UK","pid":6924,"level":20,"msg":"Generator: page","time":"2016-06-05T09:38:28.666Z","v":0}
{"name":"hexo","hostname":"DESKTOP-3BJQ9UK","pid":6924,"level":20,"msg":"Generator: post","time":"2016-06-05T09:38:28.667Z","v":0}
{"name":"hexo","hostname":"DESKTOP-3BJQ9UK","pid":6924,"level":20,"msg":"Generator: archive","time":"2016-06-05T09:38:28.667Z","v":0}
{"name":"hexo","hostname":"DESKTOP-3BJQ9UK","pid":6924,"level":20,"msg":"Generator: category","time":"2016-06-05T09:38:28.667Z","v":0}
{"name":"hexo","hostname":"DESKTOP-3BJQ9UK","pid":6924,"level":20,"msg":"Generator: index","time":"2016-06-05T09:38:28.667Z","v":0}
{"name":"hexo","hostname":"DESKTOP-3BJQ9UK","pid":6924,"level":20,"msg":"Generator: tag","time":"2016-06-05T09:38:28.667Z","v":0}
{"name":"hexo","hostname":"DESKTOP-3BJQ9UK","pid":6924,"level":20,"msg":"Generator: asset","time":"2016-06-05T09:38:28.668Z","v":0}
{"name":"hexo","hostname":"DESKTOP-3BJQ9UK","pid":6924,"level":20,"msg":"Rendering index: index.html","time":"2016-06-05T09:38:32.011Z","v":0}
{"name":"hexo","hostname":"DESKTOP-3BJQ9UK","pid":6924,"level":20,"msg":"Processed: _posts/第一篇博客.md","time":"2016-06-05T09:38:49.505Z","v":0}
{"name":"hexo","hostname":"DESKTOP-3BJQ9UK","pid":6924,"level":20,"msg":"Generator: page","time":"2016-06-05T09:38:49.657Z","v":0}
{"name":"hexo","hostname":"DESKTOP-3BJQ9UK","pid":6924,"level":20,"msg":"Generator: post","time":"2016-06-05T09:38:49.658Z","v":0}
{"name":"hexo","hostname":"DESKTOP-3BJQ9UK","pid":6924,"level":20,"msg":"Generator: archive","time":"2016-06-05T09:38:49.658Z","v":0}
{"name":"hexo","hostname":"DESKTOP-3BJQ9UK","pid":6924,"level":20,"msg":"Generator: category","time":"2016-06-05T09:38:49.658Z","v":0}
{"name":"hexo","hostname":"DESKTOP-3BJQ9UK","pid":6924,"level":20,"msg":"Generator: index","time":"2016-06-05T09:38:49.658Z","v":0}
{"name":"hexo","hostname":"DESKTOP-3BJQ9UK","pid":6924,"level":20,"msg":"Generator: tag","time":"2016-06-05T09:38:49.658Z","v":0}
{"name":"hexo","hostname":"DESKTOP-3BJQ9UK","pid":6924,"level":20,"msg":"Generator: asset","time":"2016-06-05T09:38:49.662Z","v":0}
{"name":"hexo","hostname":"DESKTOP-3BJQ9UK","pid":6924,"level":20,"msg":"Processed: _posts/第一篇博客.md","time":"2016-06-05T09:41:16.650Z","v":0}
{"name":"hexo","hostname":"DESKTOP-3BJQ9UK","pid":6924,"level":20,"msg":"Generator: page","time":"2016-06-05T09:41:16.792Z","v":0}
{"name":"hexo","hostname":"DESKTOP-3BJQ9UK","pid":6924,"level":20,"msg":"Generator: post","time":"2016-06-05T09:41:16.792Z","v":0}
{"name":"hexo","hostname":"DESKTOP-3BJQ9UK","pid":6924,"level":20,"msg":"Generator: archive","time":"2016-06-05T09:41:16.792Z","v":0}
{"name":"hexo","hostname":"DESKTOP-3BJQ9UK","pid":6924,"level":20,"msg":"Generator: category","time":"2016-06-05T09:41:16.792Z","v":0}
{"name":"hexo","hostname":"DESKTOP-3BJQ9UK","pid":6924,"level":20,"msg":"Generator: index","time":"2016-06-05T09:41:16.792Z","v":0}
{"name":"hexo","hostname":"DESKTOP-3BJQ9UK","pid":6924,"level":20,"msg":"Generator: tag","time":"2016-06-05T09:41:16.792Z","v":0}
{"name":"hexo","hostname":"DESKTOP-3BJQ9UK","pid":6924,"level":20,"msg":"Generator: asset","time":"2016-06-05T09:41:16.793Z","v":0}
{"name":"hexo","hostname":"DESKTOP-3BJQ9UK","pid":6924,"level":20,"msg":"Processed: _posts/第一篇博客.md","time":"2016-06-05T09:41:22.785Z","v":0}
{"name":"hexo","hostname":"DESKTOP-3BJQ9UK","pid":6924,"level":20,"msg":"Generator: page","time":"2016-06-05T09:41:22.914Z","v":0}
{"name":"hexo","hostname":"DESKTOP-3BJQ9UK","pid":6924,"level":20,"msg":"Generator: post","time":"2016-06-05T09:41:22.915Z","v":0}
{"name":"hexo","hostname":"DESKTOP-3BJQ9UK","pid":6924,"level":20,"msg":"Generator: archive","time":"2016-06-05T09:41:22.915Z","v":0}
{"name":"hexo","hostname":"DESKTOP-3BJQ9UK","pid":6924,"level":20,"msg":"Generator: category","time":"2016-06-05T09:41:22.915Z","v":0}
{"name":"hexo","hostname":"DESKTOP-3BJQ9UK","pid":6924,"level":20,"msg":"Generator: index","time":"2016-06-05T09:41:22.915Z","v":0}
{"name":"hexo","hostname":"DESKTOP-3BJQ9UK","pid":6924,"level":20,"msg":"Generator: tag","time":"2016-06-05T09:41:22.915Z","v":0}
{"name":"hexo","hostname":"DESKTOP-3BJQ9UK","pid":6924,"level":20,"msg":"Generator: asset","time":"2016-06-05T09:41:22.916Z","v":0}
{"name":"hexo","hostname":"DESKTOP-3BJQ9UK","pid":6924,"level":20,"msg":"Processed: _posts/第一篇博客.md","time":"2016-06-05T09:41:27.971Z","v":0}
{"name":"hexo","hostname":"DESKTOP-3BJQ9UK","pid":6924,"level":20,"msg":"Generator: page","time":"2016-06-05T09:41:28.124Z","v":0}
{"name":"hexo","hostname":"DESKTOP-3BJQ9UK","pid":6924,"level":20,"msg":"Generator: post","time":"2016-06-05T09:41:28.125Z","v":0}
{"name":"hexo","hostname":"DESKTOP-3BJQ9UK","pid":6924,"level":20,"msg":"Generator: archive","time":"2016-06-05T09:41:28.125Z","v":0}
{"name":"hexo","hostname":"DESKTOP-3BJQ9UK","pid":6924,"level":20,"msg":"Generator: category","time":"2016-06-05T09:41:28.125Z","v":0}
{"name":"hexo","hostname":"DESKTOP-3BJQ9UK","pid":6924,"level":20,"msg":"Generator: index","time":"2016-06-05T09:41:28.125Z","v":0}
{"name":"hexo","hostname":"DESKTOP-3BJQ9UK","pid":6924,"level":20,"msg":"Generator: tag","time":"2016-06-05T09:41:28.125Z","v":0}
{"name":"hexo","hostname":"DESKTOP-3BJQ9UK","pid":6924,"level":20,"msg":"Generator: asset","time":"2016-06-05T09:41:28.131Z","v":0}
{"name":"hexo","hostname":"DESKTOP-3BJQ9UK","pid":6924,"level":20,"msg":"Rendering index: index.html","time":"2016-06-05T09:41:49.986Z","v":0}
{"name":"hexo","hostname":"DESKTOP-3BJQ9UK","pid":6924,"level":20,"msg":"Processed: _posts/第一篇博客.md","time":"2016-06-05T09:43:15.756Z","v":0}
{"name":"hexo","hostname":"DESKTOP-3BJQ9UK","pid":6924,"level":20,"msg":"Generator: page","time":"2016-06-05T09:43:15.889Z","v":0}
{"name":"hexo","hostname":"DESKTOP-3BJQ9UK","pid":6924,"level":20,"msg":"Generator: post","time":"2016-06-05T09:43:15.889Z","v":0}
{"name":"hexo","hostname":"DESKTOP-3BJQ9UK","pid":6924,"level":20,"msg":"Generator: archive","time":"2016-06-05T09:43:15.889Z","v":0}
{"name":"hexo","hostname":"DESKTOP-3BJQ9UK","pid":6924,"level":20,"msg":"Generator: category","time":"2016-06-05T09:43:15.889Z","v":0}
{"name":"hexo","hostname":"DESKTOP-3BJQ9UK","pid":6924,"level":20,"msg":"Generator: index","time":"2016-06-05T09:43:15.890Z","v":0}
{"name":"hexo","hostname":"DESKTOP-3BJQ9UK","pid":6924,"level":20,"msg":"Generator: tag","time":"2016-06-05T09:43:15.890Z","v":0}
{"name":"hexo","hostname":"DESKTOP-3BJQ9UK","pid":6924,"level":20,"msg":"Generator: asset","time":"2016-06-05T09:43:15.891Z","v":0}
{"name":"hexo","hostname":"DESKTOP-3BJQ9UK","pid":6924,"level":20,"msg":"Rendering index: index.html","time":"2016-06-05T09:43:21.865Z","v":0}
{"name":"hexo","hostname":"DESKTOP-3BJQ9UK","pid":6924,"level":20,"msg":"Processed: _posts/第一篇博客.md","time":"2016-06-05T09:43:58.202Z","v":0}
{"name":"hexo","hostname":"DESKTOP-3BJQ9UK","pid":6924,"level":20,"msg":"Generator: page","time":"2016-06-05T09:43:58.327Z","v":0}
{"name":"hexo","hostname":"DESKTOP-3BJQ9UK","pid":6924,"level":20,"msg":"Generator: post","time":"2016-06-05T09:43:58.328Z","v":0}
{"name":"hexo","hostname":"DESKTOP-3BJQ9UK","pid":6924,"level":20,"msg":"Generator: archive","time":"2016-06-05T09:43:58.328Z","v":0}
{"name":"hexo","hostname":"DESKTOP-3BJQ9UK","pid":6924,"level":20,"msg":"Generator: category","time":"2016-06-05T09:43:58.328Z","v":0}
{"name":"hexo","hostname":"DESKTOP-3BJQ9UK","pid":6924,"level":20,"msg":"Generator: index","time":"2016-06-05T09:43:58.329Z","v":0}
{"name":"hexo","hostname":"DESKTOP-3BJQ9UK","pid":6924,"level":20,"msg":"Generator: tag","time":"2016-06-05T09:43:58.329Z","v":0}
{"name":"hexo","hostname":"DESKTOP-3BJQ9UK","pid":6924,"level":20,"msg":"Generator: asset","time":"2016-06-05T09:43:58.332Z","v":0}
{"name":"hexo","hostname":"DESKTOP-3BJQ9UK","pid":6924,"level":20,"msg":"Rendering index: index.html","time":"2016-06-05T09:44:00.705Z","v":0}
{"name":"hexo","hostname":"DESKTOP-3BJQ9UK","pid":6924,"level":20,"msg":"Rendering page: categories/index.html","time":"2016-06-05T09:44:04.740Z","v":0}
{"name":"hexo","hostname":"DESKTOP-3BJQ9UK","pid":6924,"level":20,"msg":"Rendering archive: archives/index.html","time":"2016-06-05T09:44:07.153Z","v":0}
{"name":"hexo","hostname":"DESKTOP-3BJQ9UK","pid":6924,"level":20,"msg":"Rendering post: 2016/05/21/hello-world/index.html","time":"2016-06-05T09:44:11.542Z","v":0}
{"name":"hexo","hostname":"DESKTOP-3BJQ9UK","pid":6924,"level":20,"msg":"Rendering index: index.html","time":"2016-06-05T09:47:18.351Z","v":0}
{"name":"hexo","hostname":"DESKTOP-3BJQ9UK","pid":6924,"level":20,"msg":"Rendering index: index.html","time":"2016-06-05T10:44:21.409Z","v":0}
{"name":"hexo","hostname":"DESKTOP-3BJQ9UK","pid":6924,"level":20,"msg":"Rendering page: categories/index.html","time":"2016-06-05T10:47:40.268Z","v":0}
{"name":"hexo","hostname":"DESKTOP-3BJQ9UK","pid":6924,"level":20,"msg":"Rendering index: index.html","time":"2016-06-05T10:47:42.716Z","v":0}
{"name":"hexo","hostname":"DESKTOP-3BJQ9UK","pid":6924,"level":20,"msg":"Rendering archive: archives/index.html","time":"2016-06-05T10:49:03.399Z","v":0}
{"name":"hexo","hostname":"DESKTOP-3BJQ9UK","pid":6924,"level":20,"msg":"Rendering index: index.html","time":"2016-06-05T10:49:11.705Z","v":0}
{"name":"hexo","hostname":"DESKTOP-3BJQ9UK","pid":6924,"level":20,"msg":"Rendering archive: archives/index.html","time":"2016-06-05T10:49:21.074Z","v":0}
{"name":"hexo","hostname":"DESKTOP-3BJQ9UK","pid":6924,"level":20,"msg":"Rendering page: categories/index.html","time":"2016-06-05T10:49:23.386Z","v":0}
{"name":"hexo","hostname":"DESKTOP-3BJQ9UK","pid":6924,"level":20,"msg":"Rendering page: about/index.html","time":"2016-06-05T10:49:25.512Z","v":0}
{"name":"hexo","hostname":"DESKTOP-3BJQ9UK","pid":6924,"level":20,"msg":"Rendering index: index.html","time":"2016-06-05T10:49:27.826Z","v":0}
{"name":"hexo","hostname":"DESKTOP-3BJQ9UK","pid":6924,"level":20,"msg":"Rendering index: index.html","time":"2016-06-05T10:49:45.021Z","v":0}
{"name":"hexo","hostname":"DESKTOP-3BJQ9UK","pid":6924,"level":20,"msg":"Rendering post: 2016/06/05/第一篇博客/index.html","time":"2016-06-05T10:49:52.344Z","v":0}
{"name":"hexo","hostname":"DESKTOP-3BJQ9UK","pid":10288,"level":20,"msg":"Hexo version: 3.2.0","time":"2016-06-05T21:02:47.684Z","v":0}
{"name":"hexo","hostname":"DESKTOP-3BJQ9UK","pid":10288,"level":20,"msg":"Working directory: E:\\chandlerblog\\","time":"2016-06-05T21:02:47.688Z","v":0}
{"name":"hexo","hostname":"DESKTOP-3BJQ9UK","pid":10288,"level":20,"msg":"Config loaded: E:\\chandlerblog\\_config.yml","time":"2016-06-05T21:02:47.861Z","v":0}
{"name":"hexo","hostname":"DESKTOP-3BJQ9UK","pid":10288,"level":20,"msg":"Plugin loaded: hexo-deployer-git","time":"2016-06-05T21:02:48.181Z","v":0}
{"name":"hexo","hostname":"DESKTOP-3BJQ9UK","pid":10288,"level":20,"msg":"Plugin loaded: hexo-generator-category","time":"2016-06-05T21:02:48.186Z","v":0}
{"name":"hexo","hostname":"DESKTOP-3BJQ9UK","pid":10288,"level":20,"msg":"Plugin loaded: hexo-generator-archive","time":"2016-06-05T21:02:48.192Z","v":0}
{"name":"hexo","hostname":"DESKTOP-3BJQ9UK","pid":10288,"level":20,"msg":"Plugin loaded: hexo-generator-tag","time":"2016-06-05T21:02:48.198Z","v":0}
{"name":"hexo","hostname":"DESKTOP-3BJQ9UK","pid":10288,"level":20,"msg":"Plugin loaded: hexo-generator-index","time":"2016-06-05T21:02:48.203Z","v":0}
{"name":"hexo","hostname":"DESKTOP-3BJQ9UK","pid":10288,"level":20,"msg":"Plugin loaded: hexo-renderer-ejs","time":"2016-06-05T21:02:48.210Z","v":0}
{"name":"hexo","hostname":"DESKTOP-3BJQ9UK","pid":10288,"level":20,"msg":"Plugin loaded: hexo-renderer-marked","time":"2016-06-05T21:02:48.346Z","v":0}
{"name":"hexo","hostname":"DESKTOP-3BJQ9UK","pid":10288,"level":20,"msg":"Plugin loaded: hexo-renderer-stylus","time":"2016-06-05T21:02:48.348Z","v":0}
{"name":"hexo","hostname":"DESKTOP-3BJQ9UK","pid":10288,"level":20,"msg":"Plugin loaded: hexo-server","time":"2016-06-05T21:02:48.535Z","v":0}
{"name":"hexo","hostname":"DESKTOP-3BJQ9UK","pid":10288,"level":20,"msg":"Script loaded: themes\\next\\scripts\\merge-configs.js","time":"2016-06-05T21:02:48.536Z","v":0}
{"name":"hexo","hostname":"DESKTOP-3BJQ9UK","pid":10288,"level":20,"msg":"Script loaded: themes\\next\\scripts\\tags\\center-quote.js","time":"2016-06-05T21:02:48.537Z","v":0}
{"name":"hexo","hostname":"DESKTOP-3BJQ9UK","pid":10288,"level":20,"msg":"Script loaded: themes\\next\\scripts\\tags\\full-image.js","time":"2016-06-05T21:02:48.537Z","v":0}
{"name":"hexo","hostname":"DESKTOP-3BJQ9UK","pid":10288,"level":20,"msg":"Script loaded: themes\\next\\scripts\\tags\\group-pictures.js","time":"2016-06-05T21:02:48.538Z","v":0}
{"name":"hexo","hostname":"DESKTOP-3BJQ9UK","pid":10288,"level":20,"msg":"Loading database.","time":"2016-06-05T21:02:48.552Z","v":0}
{"name":"hexo","hostname":"DESKTOP-3BJQ9UK","pid":10288,"level":30,"msg":"Start processing","time":"2016-06-05T21:02:48.563Z","v":0}
{"name":"hexo","hostname":"DESKTOP-3BJQ9UK","pid":10288,"level":20,"msg":"Processed: CNAME","time":"2016-06-05T21:02:48.621Z","v":0}
{"name":"hexo","hostname":"DESKTOP-3BJQ9UK","pid":10288,"level":20,"msg":"Processed: categories/debug.log","time":"2016-06-05T21:02:48.741Z","v":0}
{"name":"hexo","hostname":"DESKTOP-3BJQ9UK","pid":10288,"level":20,"msg":"Theme config loaded.","time":"2016-06-05T21:02:48.773Z","v":0}
{"name":"hexo","hostname":"DESKTOP-3BJQ9UK","pid":10288,"level":20,"msg":"Processed: _config.yml","time":"2016-06-05T21:02:48.774Z","v":0}
{"name":"hexo","hostname":"DESKTOP-3BJQ9UK","pid":10288,"level":20,"msg":"Processed: source/css/main.styl","time":"2016-06-05T21:02:48.792Z","v":0}
{"name":"hexo","hostname":"DESKTOP-3BJQ9UK","pid":10288,"level":20,"msg":"Processed: source/images/avatar.gif","time":"2016-06-05T21:02:48.793Z","v":0}
{"name":"hexo","hostname":"DESKTOP-3BJQ9UK","pid":10288,"level":20,"msg":"Processed: source/images/cc-by-nc-nd.svg","time":"2016-06-05T21:02:48.794Z","v":0}
{"name":"hexo","hostname":"DESKTOP-3BJQ9UK","pid":10288,"level":20,"msg":"Processed: source/images/cc-by-nc-sa.svg","time":"2016-06-05T21:02:48.794Z","v":0}
{"name":"hexo","hostname":"DESKTOP-3BJQ9UK","pid":10288,"level":20,"msg":"Processed: source/images/cc-by-nc.svg","time":"2016-06-05T21:02:48.794Z","v":0}
{"name":"hexo","hostname":"DESKTOP-3BJQ9UK","pid":10288,"level":20,"msg":"Processed: source/images/cc-by-nd.svg","time":"2016-06-05T21:02:48.795Z","v":0}
{"name":"hexo","hostname":"DESKTOP-3BJQ9UK","pid":10288,"level":20,"msg":"Processed: source/images/cc-by-sa.svg","time":"2016-06-05T21:02:48.795Z","v":0}
{"name":"hexo","hostname":"DESKTOP-3BJQ9UK","pid":10288,"level":20,"msg":"Processed: source/images/cc-by.svg","time":"2016-06-05T21:02:48.796Z","v":0}
{"name":"hexo","hostname":"DESKTOP-3BJQ9UK","pid":10288,"level":20,"msg":"Processed: source/images/cc-zero.svg","time":"2016-06-05T21:02:48.797Z","v":0}
{"name":"hexo","hostname":"DESKTOP-3BJQ9UK","pid":10288,"level":20,"msg":"Processed: source/images/loading.gif","time":"2016-06-05T21:02:48.798Z","v":0}
{"name":"hexo","hostname":"DESKTOP-3BJQ9UK","pid":10288,"level":20,"msg":"Processed: source/images/placeholder.gif","time":"2016-06-05T21:02:48.799Z","v":0}
{"name":"hexo","hostname":"DESKTOP-3BJQ9UK","pid":10288,"level":20,"msg":"Processed: source/images/quote-l.svg","time":"2016-06-05T21:02:48.800Z","v":0}
{"name":"hexo","hostname":"DESKTOP-3BJQ9UK","pid":10288,"level":20,"msg":"Processed: source/images/quote-r.svg","time":"2016-06-05T21:02:48.801Z","v":0}
{"name":"hexo","hostname":"DESKTOP-3BJQ9UK","pid":10288,"level":20,"msg":"Processed: source/images/searchicon.png","time":"2016-06-05T21:02:48.801Z","v":0}
{"name":"hexo","hostname":"DESKTOP-3BJQ9UK","pid":10288,"level":20,"msg":"Processed: _posts/hello-world.md","time":"2016-06-05T21:02:48.843Z","v":0}
{"name":"hexo","hostname":"DESKTOP-3BJQ9UK","pid":10288,"level":20,"msg":"Processed: _posts/markdown语法测试.md","time":"2016-06-05T21:02:48.847Z","v":0}
{"name":"hexo","hostname":"DESKTOP-3BJQ9UK","pid":10288,"level":20,"msg":"Processed: _data/about.json","time":"2016-06-05T21:02:48.848Z","v":0}
{"name":"hexo","hostname":"DESKTOP-3BJQ9UK","pid":10288,"level":20,"msg":"Processed: _data/hint.json","time":"2016-06-05T21:02:48.849Z","v":0}
{"name":"hexo","hostname":"DESKTOP-3BJQ9UK","pid":10288,"level":20,"msg":"Processed: images/1-los-cabos-peace-padilla-i-mexico-sloop-jump-sea.jpg","time":"2016-06-05T21:02:48.850Z","v":0}
{"name":"hexo","hostname":"DESKTOP-3BJQ9UK","pid":10288,"level":20,"msg":"Processed: _data/link.json","time":"2016-06-05T21:02:48.851Z","v":0}
{"name":"hexo","hostname":"DESKTOP-3BJQ9UK","pid":10288,"level":20,"msg":"Processed: _data/reading.json","time":"2016-06-05T21:02:48.852Z","v":0}
{"name":"hexo","hostname":"DESKTOP-3BJQ9UK","pid":10288,"level":20,"msg":"Processed: _data/slider.json","time":"2016-06-05T21:02:48.853Z","v":0}
{"name":"hexo","hostname":"DESKTOP-3BJQ9UK","pid":10288,"level":20,"msg":"Processed: layout/_layout.swig","time":"2016-06-05T21:02:49.083Z","v":0}
{"name":"hexo","hostname":"DESKTOP-3BJQ9UK","pid":10288,"level":20,"msg":"Processed: layout/archive.swig","time":"2016-06-05T21:02:49.084Z","v":0}
{"name":"hexo","hostname":"DESKTOP-3BJQ9UK","pid":10288,"level":20,"msg":"Processed: layout/category.swig","time":"2016-06-05T21:02:49.084Z","v":0}
{"name":"hexo","hostname":"DESKTOP-3BJQ9UK","pid":10288,"level":20,"msg":"Processed: layout/page.swig","time":"2016-06-05T21:02:49.084Z","v":0}
{"name":"hexo","hostname":"DESKTOP-3BJQ9UK","pid":10288,"level":20,"msg":"Processed: layout/post.swig","time":"2016-06-05T21:02:49.084Z","v":0}
{"name":"hexo","hostname":"DESKTOP-3BJQ9UK","pid":10288,"level":20,"msg":"Processed: layout/index.swig","time":"2016-06-05T21:02:49.084Z","v":0}
{"name":"hexo","hostname":"DESKTOP-3BJQ9UK","pid":10288,"level":20,"msg":"Processed: layout/tag.swig","time":"2016-06-05T21:02:49.084Z","v":0}
{"name":"hexo","hostname":"DESKTOP-3BJQ9UK","pid":10288,"level":20,"msg":"Processed: _posts/为什么是【骚人居】？.md","time":"2016-06-05T21:02:49.104Z","v":0}
{"name":"hexo","hostname":"DESKTOP-3BJQ9UK","pid":10288,"level":20,"msg":"Processed: about/index.md","time":"2016-06-05T21:02:49.106Z","v":0}
{"name":"hexo","hostname":"DESKTOP-3BJQ9UK","pid":10288,"level":20,"msg":"Processed: languages/de.yml","time":"2016-06-05T21:02:49.107Z","v":0}
{"name":"hexo","hostname":"DESKTOP-3BJQ9UK","pid":10288,"level":20,"msg":"Processed: languages/default.yml","time":"2016-06-05T21:02:49.107Z","v":0}
{"name":"hexo","hostname":"DESKTOP-3BJQ9UK","pid":10288,"level":20,"msg":"Processed: languages/en.yml","time":"2016-06-05T21:02:49.107Z","v":0}
{"name":"hexo","hostname":"DESKTOP-3BJQ9UK","pid":10288,"level":20,"msg":"Processed: languages/fr-FR.yml","time":"2016-06-05T21:02:49.107Z","v":0}
{"name":"hexo","hostname":"DESKTOP-3BJQ9UK","pid":10288,"level":20,"msg":"Processed: languages/id.yml","time":"2016-06-05T21:02:49.107Z","v":0}
{"name":"hexo","hostname":"DESKTOP-3BJQ9UK","pid":10288,"level":20,"msg":"Processed: languages/ja.yml","time":"2016-06-05T21:02:49.107Z","v":0}
{"name":"hexo","hostname":"DESKTOP-3BJQ9UK","pid":10288,"level":20,"msg":"Processed: languages/pt.yml","time":"2016-06-05T21:02:49.107Z","v":0}
{"name":"hexo","hostname":"DESKTOP-3BJQ9UK","pid":10288,"level":20,"msg":"Processed: languages/ru.yml","time":"2016-06-05T21:02:49.108Z","v":0}
{"name":"hexo","hostname":"DESKTOP-3BJQ9UK","pid":10288,"level":20,"msg":"Processed: languages/zh-Hans.yml","time":"2016-06-05T21:02:49.108Z","v":0}
{"name":"hexo","hostname":"DESKTOP-3BJQ9UK","pid":10288,"level":20,"msg":"Processed: languages/zh-hk.yml","time":"2016-06-05T21:02:49.108Z","v":0}
{"name":"hexo","hostname":"DESKTOP-3BJQ9UK","pid":10288,"level":20,"msg":"Processed: languages/zh-tw.yml","time":"2016-06-05T21:02:49.108Z","v":0}
{"name":"hexo","hostname":"DESKTOP-3BJQ9UK","pid":10288,"level":20,"msg":"Processed: _posts/第一篇博客.md","time":"2016-06-05T21:02:49.108Z","v":0}
{"name":"hexo","hostname":"DESKTOP-3BJQ9UK","pid":10288,"level":20,"msg":"Processed: categories/index.md","time":"2016-06-05T21:02:49.108Z","v":0}
{"name":"hexo","hostname":"DESKTOP-3BJQ9UK","pid":10288,"level":20,"msg":"Processed: reading/index.md","time":"2016-06-05T21:02:49.109Z","v":0}
{"name":"hexo","hostname":"DESKTOP-3BJQ9UK","pid":10288,"level":20,"msg":"Processed: images/cigar-smoking-cigar-cigarette-smoking-man-male.jpg","time":"2016-06-05T21:02:49.109Z","v":0}
{"name":"hexo","hostname":"DESKTOP-3BJQ9UK","pid":10288,"level":20,"msg":"Processed: images/water-background-wave-liquid-blue-surface-texture.jpg","time":"2016-06-05T21:02:49.109Z","v":0}
{"name":"hexo","hostname":"DESKTOP-3BJQ9UK","pid":10288,"level":20,"msg":"Processed: source/js/src/affix.js","time":"2016-06-05T21:02:49.122Z","v":0}
{"name":"hexo","hostname":"DESKTOP-3BJQ9UK","pid":10288,"level":20,"msg":"Processed: source/js/src/bootstrap.js","time":"2016-06-05T21:02:49.123Z","v":0}
{"name":"hexo","hostname":"DESKTOP-3BJQ9UK","pid":10288,"level":20,"msg":"Processed: source/js/src/hook-duoshuo.js","time":"2016-06-05T21:02:49.123Z","v":0}
{"name":"hexo","hostname":"DESKTOP-3BJQ9UK","pid":10288,"level":20,"msg":"Processed: source/js/src/motion.js","time":"2016-06-05T21:02:49.124Z","v":0}
{"name":"hexo","hostname":"DESKTOP-3BJQ9UK","pid":10288,"level":20,"msg":"Processed: source/js/src/post-details.js","time":"2016-06-05T21:02:49.126Z","v":0}
{"name":"hexo","hostname":"DESKTOP-3BJQ9UK","pid":10288,"level":20,"msg":"Processed: source/js/src/scrollspy.js","time":"2016-06-05T21:02:49.127Z","v":0}
{"name":"hexo","hostname":"DESKTOP-3BJQ9UK","pid":10288,"level":20,"msg":"Processed: source/js/src/utils.js","time":"2016-06-05T21:02:49.127Z","v":0}
{"name":"hexo","hostname":"DESKTOP-3BJQ9UK","pid":10288,"level":20,"msg":"Processed: source/vendors/fastclick/LICENSE","time":"2016-06-05T21:02:49.129Z","v":0}
{"name":"hexo","hostname":"DESKTOP-3BJQ9UK","pid":10288,"level":20,"msg":"Processed: source/vendors/fastclick/README.md","time":"2016-06-05T21:02:49.130Z","v":0}
{"name":"hexo","hostname":"DESKTOP-3BJQ9UK","pid":10288,"level":20,"msg":"Processed: source/vendors/fastclick/bower.json","time":"2016-06-05T21:02:49.130Z","v":0}
{"name":"hexo","hostname":"DESKTOP-3BJQ9UK","pid":10288,"level":20,"msg":"Processed: source/vendors/font-awesome/HELP-US-OUT.txt","time":"2016-06-05T21:02:49.132Z","v":0}
{"name":"hexo","hostname":"DESKTOP-3BJQ9UK","pid":10288,"level":20,"msg":"Processed: source/vendors/font-awesome/bower.json","time":"2016-06-05T21:02:49.132Z","v":0}
{"name":"hexo","hostname":"DESKTOP-3BJQ9UK","pid":10288,"level":20,"msg":"Processed: source/vendors/jquery_lazyload/CONTRIBUTING.md","time":"2016-06-05T21:02:49.136Z","v":0}
{"name":"hexo","hostname":"DESKTOP-3BJQ9UK","pid":10288,"level":20,"msg":"Processed: source/vendors/jquery_lazyload/README.md","time":"2016-06-05T21:02:49.137Z","v":0}
{"name":"hexo","hostname":"DESKTOP-3BJQ9UK","pid":10288,"level":20,"msg":"Processed: source/vendors/jquery_lazyload/bower.json","time":"2016-06-05T21:02:49.137Z","v":0}
{"name":"hexo","hostname":"DESKTOP-3BJQ9UK","pid":10288,"level":20,"msg":"Processed: source/vendors/jquery_lazyload/jquery.lazyload.js","time":"2016-06-05T21:02:49.137Z","v":0}
{"name":"hexo","hostname":"DESKTOP-3BJQ9UK","pid":10288,"level":20,"msg":"Processed: source/vendors/jquery_lazyload/jquery.scrollstop.js","time":"2016-06-05T21:02:49.137Z","v":0}
{"name":"hexo","hostname":"DESKTOP-3BJQ9UK","pid":10288,"level":20,"msg":"Processed: source/vendors/velocity/bower.json","time":"2016-06-05T21:02:49.138Z","v":0}
{"name":"hexo","hostname":"DESKTOP-3BJQ9UK","pid":10288,"level":20,"msg":"Processed: source/vendors/velocity/velocity.min.js","time":"2016-06-05T21:02:49.138Z","v":0}
{"name":"hexo","hostname":"DESKTOP-3BJQ9UK","pid":10288,"level":20,"msg":"Processed: source/vendors/velocity/velocity.ui.js","time":"2016-06-05T21:02:49.138Z","v":0}
{"name":"hexo","hostname":"DESKTOP-3BJQ9UK","pid":10288,"level":20,"msg":"Processed: source/vendors/velocity/velocity.ui.min.js","time":"2016-06-05T21:02:49.139Z","v":0}
{"name":"hexo","hostname":"DESKTOP-3BJQ9UK","pid":10288,"level":20,"msg":"Processed: source/vendors/jquery/index.js","time":"2016-06-05T21:02:49.186Z","v":0}
{"name":"hexo","hostname":"DESKTOP-3BJQ9UK","pid":10288,"level":20,"msg":"Processed: layout/_macro/post.swig","time":"2016-06-05T21:02:49.264Z","v":0}
{"name":"hexo","hostname":"DESKTOP-3BJQ9UK","pid":10288,"level":20,"msg":"Processed: layout/_macro/post-collapse.swig","time":"2016-06-05T21:02:49.264Z","v":0}
{"name":"hexo","hostname":"DESKTOP-3BJQ9UK","pid":10288,"level":20,"msg":"Processed: layout/_macro/reward.swig","time":"2016-06-05T21:02:49.264Z","v":0}
{"name":"hexo","hostname":"DESKTOP-3BJQ9UK","pid":10288,"level":20,"msg":"Processed: layout/_macro/sidebar.swig","time":"2016-06-05T21:02:49.264Z","v":0}
{"name":"hexo","hostname":"DESKTOP-3BJQ9UK","pid":10288,"level":20,"msg":"Processed: layout/_macro/wechat-subscriber.swig","time":"2016-06-05T21:02:49.264Z","v":0}
{"name":"hexo","hostname":"DESKTOP-3BJQ9UK","pid":10288,"level":20,"msg":"Processed: layout/_partials/comments.swig","time":"2016-06-05T21:02:49.264Z","v":0}
{"name":"hexo","hostname":"DESKTOP-3BJQ9UK","pid":10288,"level":20,"msg":"Processed: layout/_partials/duoshuo-hot-articles.swig","time":"2016-06-05T21:02:49.264Z","v":0}
{"name":"hexo","hostname":"DESKTOP-3BJQ9UK","pid":10288,"level":20,"msg":"Processed: layout/_partials/footer.swig","time":"2016-06-05T21:02:49.264Z","v":0}
{"name":"hexo","hostname":"DESKTOP-3BJQ9UK","pid":10288,"level":20,"msg":"Processed: layout/_partials/head.swig","time":"2016-06-05T21:02:49.264Z","v":0}
{"name":"hexo","hostname":"DESKTOP-3BJQ9UK","pid":10288,"level":20,"msg":"Processed: layout/_partials/header.swig","time":"2016-06-05T21:02:49.264Z","v":0}
{"name":"hexo","hostname":"DESKTOP-3BJQ9UK","pid":10288,"level":20,"msg":"Processed: layout/_partials/pagination.swig","time":"2016-06-05T21:02:49.264Z","v":0}
{"name":"hexo","hostname":"DESKTOP-3BJQ9UK","pid":10288,"level":20,"msg":"Processed: layout/_partials/search.swig","time":"2016-06-05T21:02:49.265Z","v":0}
{"name":"hexo","hostname":"DESKTOP-3BJQ9UK","pid":10288,"level":20,"msg":"Processed: layout/_scripts/baidu-push.swig","time":"2016-06-05T21:02:49.265Z","v":0}
{"name":"hexo","hostname":"DESKTOP-3BJQ9UK","pid":10288,"level":20,"msg":"Processed: layout/_scripts/boostrap.swig","time":"2016-06-05T21:02:49.265Z","v":0}
{"name":"hexo","hostname":"DESKTOP-3BJQ9UK","pid":10288,"level":20,"msg":"Processed: layout/_scripts/commons.swig","time":"2016-06-05T21:02:49.265Z","v":0}
{"name":"hexo","hostname":"DESKTOP-3BJQ9UK","pid":10288,"level":20,"msg":"Processed: layout/_scripts/vendors.swig","time":"2016-06-05T21:02:49.265Z","v":0}
{"name":"hexo","hostname":"DESKTOP-3BJQ9UK","pid":10288,"level":20,"msg":"Processed: source/js/src/schemes/pisces.js","time":"2016-06-05T21:02:49.271Z","v":0}
{"name":"hexo","hostname":"DESKTOP-3BJQ9UK","pid":10288,"level":20,"msg":"Processed: source/vendors/fancybox/source/blank.gif","time":"2016-06-05T21:02:49.272Z","v":0}
{"name":"hexo","hostname":"DESKTOP-3BJQ9UK","pid":10288,"level":20,"msg":"Processed: source/vendors/fancybox/source/fancybox_loading.gif","time":"2016-06-05T21:02:49.272Z","v":0}
{"name":"hexo","hostname":"DESKTOP-3BJQ9UK","pid":10288,"level":20,"msg":"Processed: source/vendors/fancybox/source/fancybox_loading@2x.gif","time":"2016-06-05T21:02:49.273Z","v":0}
{"name":"hexo","hostname":"DESKTOP-3BJQ9UK","pid":10288,"level":20,"msg":"Processed: source/vendors/fancybox/source/fancybox_sprite.png","time":"2016-06-05T21:02:49.273Z","v":0}
{"name":"hexo","hostname":"DESKTOP-3BJQ9UK","pid":10288,"level":20,"msg":"Processed: source/vendors/fancybox/source/fancybox_overlay.png","time":"2016-06-05T21:02:49.273Z","v":0}
{"name":"hexo","hostname":"DESKTOP-3BJQ9UK","pid":10288,"level":20,"msg":"Processed: source/vendors/fancybox/source/fancybox_sprite@2x.png","time":"2016-06-05T21:02:49.273Z","v":0}
{"name":"hexo","hostname":"DESKTOP-3BJQ9UK","pid":10288,"level":20,"msg":"Processed: source/vendors/fancybox/source/jquery.fancybox.css","time":"2016-06-05T21:02:49.274Z","v":0}
{"name":"hexo","hostname":"DESKTOP-3BJQ9UK","pid":10288,"level":20,"msg":"Processed: source/vendors/fancybox/source/jquery.fancybox.js","time":"2016-06-05T21:02:49.274Z","v":0}
{"name":"hexo","hostname":"DESKTOP-3BJQ9UK","pid":10288,"level":20,"msg":"Processed: source/vendors/fancybox/source/jquery.fancybox.pack.js","time":"2016-06-05T21:02:49.274Z","v":0}
{"name":"hexo","hostname":"DESKTOP-3BJQ9UK","pid":10288,"level":20,"msg":"Processed: source/vendors/fastclick/lib/fastclick.js","time":"2016-06-05T21:02:49.275Z","v":0}
{"name":"hexo","hostname":"DESKTOP-3BJQ9UK","pid":10288,"level":20,"msg":"Processed: source/vendors/fastclick/lib/fastclick.min.js","time":"2016-06-05T21:02:49.275Z","v":0}
{"name":"hexo","hostname":"DESKTOP-3BJQ9UK","pid":10288,"level":20,"msg":"Processed: source/vendors/font-awesome/css/font-awesome.css","time":"2016-06-05T21:02:49.275Z","v":0}
{"name":"hexo","hostname":"DESKTOP-3BJQ9UK","pid":10288,"level":20,"msg":"Processed: source/vendors/font-awesome/css/font-awesome.css.map","time":"2016-06-05T21:02:49.276Z","v":0}
{"name":"hexo","hostname":"DESKTOP-3BJQ9UK","pid":10288,"level":20,"msg":"Processed: source/vendors/font-awesome/css/font-awesome.min.css","time":"2016-06-05T21:02:49.276Z","v":0}
{"name":"hexo","hostname":"DESKTOP-3BJQ9UK","pid":10288,"level":20,"msg":"Processed: source/vendors/font-awesome/fonts/fontawesome-webfont.woff2","time":"2016-06-05T21:02:49.276Z","v":0}
{"name":"hexo","hostname":"DESKTOP-3BJQ9UK","pid":10288,"level":20,"msg":"Processed: source/vendors/ua-parser-js/dist/ua-parser.min.js","time":"2016-06-05T21:02:49.277Z","v":0}
{"name":"hexo","hostname":"DESKTOP-3BJQ9UK","pid":10288,"level":20,"msg":"Processed: source/vendors/ua-parser-js/dist/ua-parser.pack.js","time":"2016-06-05T21:02:49.277Z","v":0}
{"name":"hexo","hostname":"DESKTOP-3BJQ9UK","pid":10288,"level":20,"msg":"Processed: layout/_scripts/schemes/muse.swig","time":"2016-06-05T21:02:49.284Z","v":0}
{"name":"hexo","hostname":"DESKTOP-3BJQ9UK","pid":10288,"level":20,"msg":"Processed: layout/_scripts/schemes/mist.swig","time":"2016-06-05T21:02:49.284Z","v":0}
{"name":"hexo","hostname":"DESKTOP-3BJQ9UK","pid":10288,"level":20,"msg":"Processed: source/vendors/font-awesome/fonts/FontAwesome.otf","time":"2016-06-05T21:02:49.285Z","v":0}
{"name":"hexo","hostname":"DESKTOP-3BJQ9UK","pid":10288,"level":20,"msg":"Processed: source/vendors/font-awesome/fonts/fontawesome-webfont.eot","time":"2016-06-05T21:02:49.286Z","v":0}
{"name":"hexo","hostname":"DESKTOP-3BJQ9UK","pid":10288,"level":20,"msg":"Processed: source/vendors/font-awesome/fonts/fontawesome-webfont.woff","time":"2016-06-05T21:02:49.287Z","v":0}
{"name":"hexo","hostname":"DESKTOP-3BJQ9UK","pid":10288,"level":20,"msg":"Processed: source/vendors/velocity/velocity.js","time":"2016-06-05T21:02:49.287Z","v":0}
{"name":"hexo","hostname":"DESKTOP-3BJQ9UK","pid":10288,"level":20,"msg":"Processed: layout/_partials/head/external-fonts.swig","time":"2016-06-05T21:02:49.304Z","v":0}
{"name":"hexo","hostname":"DESKTOP-3BJQ9UK","pid":10288,"level":20,"msg":"Processed: layout/_partials/search/localsearch.swig","time":"2016-06-05T21:02:49.305Z","v":0}
{"name":"hexo","hostname":"DESKTOP-3BJQ9UK","pid":10288,"level":20,"msg":"Processed: layout/_partials/search/swiftype.swig","time":"2016-06-05T21:02:49.306Z","v":0}
{"name":"hexo","hostname":"DESKTOP-3BJQ9UK","pid":10288,"level":20,"msg":"Processed: layout/_partials/search/tinysou.swig","time":"2016-06-05T21:02:49.306Z","v":0}
{"name":"hexo","hostname":"DESKTOP-3BJQ9UK","pid":10288,"level":20,"msg":"Processed: layout/_partials/share/add-this.swig","time":"2016-06-05T21:02:49.306Z","v":0}
{"name":"hexo","hostname":"DESKTOP-3BJQ9UK","pid":10288,"level":20,"msg":"Processed: layout/_partials/share/baidushare.swig","time":"2016-06-05T21:02:49.306Z","v":0}
{"name":"hexo","hostname":"DESKTOP-3BJQ9UK","pid":10288,"level":20,"msg":"Processed: layout/_scripts/pages/post-details.swig","time":"2016-06-05T21:02:49.306Z","v":0}
{"name":"hexo","hostname":"DESKTOP-3BJQ9UK","pid":10288,"level":20,"msg":"Processed: layout/_partials/share/jiathis.swig","time":"2016-06-05T21:02:49.306Z","v":0}
{"name":"hexo","hostname":"DESKTOP-3BJQ9UK","pid":10288,"level":20,"msg":"Processed: layout/_partials/share/duoshuo_share.swig","time":"2016-06-05T21:02:49.306Z","v":0}
{"name":"hexo","hostname":"DESKTOP-3BJQ9UK","pid":10288,"level":20,"msg":"Processed: layout/_scripts/schemes/pisces.swig","time":"2016-06-05T21:02:49.306Z","v":0}
{"name":"hexo","hostname":"DESKTOP-3BJQ9UK","pid":10288,"level":20,"msg":"Processed: layout/_scripts/third-party/analytics.swig","time":"2016-06-05T21:02:49.307Z","v":0}
{"name":"hexo","hostname":"DESKTOP-3BJQ9UK","pid":10288,"level":20,"msg":"Processed: layout/_scripts/third-party/comments.swig","time":"2016-06-05T21:02:49.307Z","v":0}
{"name":"hexo","hostname":"DESKTOP-3BJQ9UK","pid":10288,"level":20,"msg":"Processed: layout/_scripts/third-party/lean-analytics.swig","time":"2016-06-05T21:02:49.307Z","v":0}
{"name":"hexo","hostname":"DESKTOP-3BJQ9UK","pid":10288,"level":20,"msg":"Processed: layout/_scripts/third-party/mathjax.swig","time":"2016-06-05T21:02:49.307Z","v":0}
{"name":"hexo","hostname":"DESKTOP-3BJQ9UK","pid":10288,"level":20,"msg":"Processed: layout/_scripts/third-party/localsearch.swig","time":"2016-06-05T21:02:49.307Z","v":0}
{"name":"hexo","hostname":"DESKTOP-3BJQ9UK","pid":10288,"level":20,"msg":"Processed: layout/_scripts/third-party/tinysou.swig","time":"2016-06-05T21:02:49.307Z","v":0}
{"name":"hexo","hostname":"DESKTOP-3BJQ9UK","pid":10288,"level":20,"msg":"Processed: source/vendors/fancybox/source/helpers/fancybox_buttons.png","time":"2016-06-05T21:02:49.313Z","v":0}
{"name":"hexo","hostname":"DESKTOP-3BJQ9UK","pid":10288,"level":20,"msg":"Processed: source/vendors/fancybox/source/helpers/jquery.fancybox-buttons.css","time":"2016-06-05T21:02:49.313Z","v":0}
{"name":"hexo","hostname":"DESKTOP-3BJQ9UK","pid":10288,"level":20,"msg":"Processed: source/vendors/fancybox/source/helpers/jquery.fancybox-buttons.js","time":"2016-06-05T21:02:49.313Z","v":0}
{"name":"hexo","hostname":"DESKTOP-3BJQ9UK","pid":10288,"level":20,"msg":"Processed: source/vendors/fancybox/source/helpers/jquery.fancybox-media.js","time":"2016-06-05T21:02:49.314Z","v":0}
{"name":"hexo","hostname":"DESKTOP-3BJQ9UK","pid":10288,"level":20,"msg":"Processed: source/vendors/fancybox/source/helpers/jquery.fancybox-thumbs.css","time":"2016-06-05T21:02:49.314Z","v":0}
{"name":"hexo","hostname":"DESKTOP-3BJQ9UK","pid":10288,"level":20,"msg":"Processed: source/vendors/fancybox/source/helpers/jquery.fancybox-thumbs.js","time":"2016-06-05T21:02:49.314Z","v":0}
{"name":"hexo","hostname":"DESKTOP-3BJQ9UK","pid":10288,"level":20,"msg":"Processed: source/vendors/font-awesome/fonts/fontawesome-webfont.ttf","time":"2016-06-05T21:02:49.315Z","v":0}
{"name":"hexo","hostname":"DESKTOP-3BJQ9UK","pid":10288,"level":20,"msg":"Processed: layout/_scripts/third-party/analytics/busuanzi-counter.swig","time":"2016-06-05T21:02:49.324Z","v":0}
{"name":"hexo","hostname":"DESKTOP-3BJQ9UK","pid":10288,"level":20,"msg":"Processed: layout/_scripts/third-party/analytics/baidu-analytics.swig","time":"2016-06-05T21:02:49.324Z","v":0}
{"name":"hexo","hostname":"DESKTOP-3BJQ9UK","pid":10288,"level":20,"msg":"Processed: layout/_scripts/third-party/analytics/cnzz-analytics.swig","time":"2016-06-05T21:02:49.324Z","v":0}
{"name":"hexo","hostname":"DESKTOP-3BJQ9UK","pid":10288,"level":20,"msg":"Processed: layout/_scripts/third-party/analytics/facebook-sdk.swig","time":"2016-06-05T21:02:49.324Z","v":0}
{"name":"hexo","hostname":"DESKTOP-3BJQ9UK","pid":10288,"level":20,"msg":"Processed: layout/_scripts/third-party/analytics/tencent-analytics.swig","time":"2016-06-05T21:02:49.325Z","v":0}
{"name":"hexo","hostname":"DESKTOP-3BJQ9UK","pid":10288,"level":20,"msg":"Processed: layout/_scripts/third-party/analytics/google-analytics.swig","time":"2016-06-05T21:02:49.325Z","v":0}
{"name":"hexo","hostname":"DESKTOP-3BJQ9UK","pid":10288,"level":20,"msg":"Processed: layout/_scripts/third-party/comments/duoshuo.swig","time":"2016-06-05T21:02:49.325Z","v":0}
{"name":"hexo","hostname":"DESKTOP-3BJQ9UK","pid":10288,"level":20,"msg":"Processed: layout/_scripts/third-party/comments/disqus.swig","time":"2016-06-05T21:02:49.325Z","v":0}
{"name":"hexo","hostname":"DESKTOP-3BJQ9UK","pid":10288,"level":20,"msg":"Processed: source/vendors/font-awesome/fonts/fontawesome-webfont.svg","time":"2016-06-05T21:02:49.326Z","v":0}
{"name":"hexo","hostname":"DESKTOP-3BJQ9UK","pid":10288,"level":20,"msg":"Generator: page","time":"2016-06-05T21:02:49.858Z","v":0}
{"name":"hexo","hostname":"DESKTOP-3BJQ9UK","pid":10288,"level":20,"msg":"Generator: post","time":"2016-06-05T21:02:49.859Z","v":0}
{"name":"hexo","hostname":"DESKTOP-3BJQ9UK","pid":10288,"level":20,"msg":"Generator: category","time":"2016-06-05T21:02:49.859Z","v":0}
{"name":"hexo","hostname":"DESKTOP-3BJQ9UK","pid":10288,"level":20,"msg":"Generator: archive","time":"2016-06-05T21:02:49.859Z","v":0}
{"name":"hexo","hostname":"DESKTOP-3BJQ9UK","pid":10288,"level":20,"msg":"Generator: tag","time":"2016-06-05T21:02:49.859Z","v":0}
{"name":"hexo","hostname":"DESKTOP-3BJQ9UK","pid":10288,"level":20,"msg":"Generator: index","time":"2016-06-05T21:02:49.859Z","v":0}
{"name":"hexo","hostname":"DESKTOP-3BJQ9UK","pid":10288,"level":20,"msg":"Generator: asset","time":"2016-06-05T21:02:49.860Z","v":0}
{"name":"hexo","hostname":"DESKTOP-3BJQ9UK","pid":10288,"level":30,"msg":"Hexo is running at http://localhost:4000/. Press Ctrl+C to stop.","time":"2016-06-05T21:02:49.871Z","v":0}
{"name":"hexo","hostname":"DESKTOP-3BJQ9UK","pid":10288,"level":20,"msg":"Database saved","time":"2016-06-05T21:02:49.911Z","v":0}
{"name":"hexo","hostname":"DESKTOP-3BJQ9UK","pid":10288,"level":20,"msg":"Rendering index: index.html","time":"2016-06-05T21:04:56.189Z","v":0}
{"name":"hexo","hostname":"DESKTOP-3BJQ9UK","pid":10288,"level":20,"msg":"Rendering archive: archives/index.html","time":"2016-06-05T21:06:09.080Z","v":0}
{"name":"hexo","hostname":"DESKTOP-3BJQ9UK","pid":10288,"level":20,"msg":"Rendering index: index.html","time":"2016-06-05T21:06:13.228Z","v":0}
